-- The C compiler identification is GNU 7.4.0
-- Check for working C compiler: /usr/bin/cc
-- Check for working C compiler: /usr/bin/cc -- works
-- Detecting C compiler ABI info
-- Detecting C compiler ABI info - done
-- Detecting C compile features
-- Detecting C compile features - done
-- Found ZLIB: /usr/lib/x86_64-linux-gnu/libz.so (found version "1.2.11") 
-- Found MPI: /usr/local/bin/mpicc  
-- Found OpenSSL: /usr/lib/x86_64-linux-gnu/libssl.so (found version "1.1.1") 
ITF CTest installed: recovervar (local;recovervar)
ITF CTest installed: recovername (local;recovername)
ITF CTest installed: dCP-standard (local;dCP;iCP)
ITF CTest installed: dCP-corrupt (local;dCP;iCP)
ITF CTest installed: standard (local;standard)
ITF CTest installed: standard-disrupt (local;standard)
ITF CTest installed: staging (local;GIO)
ITF CTest installed: keepl4 (local;keepl4)
-- Installing: /home/alexandre/Documents/git/contrib/fti/build/testing/local/run-checks-f90.sh
-- Installing: /home/alexandre/Documents/git/contrib/fti/build/testing/local/run-travis-locally.sh
-- Configuring done
-- Generating done
-- Build files have been written to: /home/alexandre/Documents/git/contrib/fti/build
Scanning dependencies of target iniparser
Scanning dependencies of target jerasure
[  1%] Building C object src/deps/iniparser/CMakeFiles/iniparser.dir/iniparser.c.o
[  2%] Building C object src/deps/iniparser/CMakeFiles/iniparser.dir/dictionary.c.o
[  3%] Building C object src/deps/jerasure/CMakeFiles/jerasure.dir/src/gf_w128.c.o
[  4%] Building C object src/deps/jerasure/CMakeFiles/jerasure.dir/src/gf_w32.c.o
[  5%] Building C object src/deps/jerasure/CMakeFiles/jerasure.dir/src/galois.c.o
[  6%] Building C object src/deps/jerasure/CMakeFiles/jerasure.dir/src/gf_w4.c.o
[  8%] Building C object src/deps/jerasure/CMakeFiles/jerasure.dir/src/gf_w64.c.o
[  9%] Building C object src/deps/jerasure/CMakeFiles/jerasure.dir/src/gf_cpu.c.o
[ 10%] Building C object src/deps/jerasure/CMakeFiles/jerasure.dir/src/gf_w8.c.o
[ 10%] Building C object src/deps/jerasure/CMakeFiles/jerasure.dir/src/gf.c.o
[ 10%] Building C object src/deps/jerasure/CMakeFiles/jerasure.dir/src/gf_wgen.c.o
[ 11%] Building C object src/deps/jerasure/CMakeFiles/jerasure.dir/src/gf_w16.c.o
[ 12%] Building C object src/deps/jerasure/CMakeFiles/jerasure.dir/src/jerasure.c.o
[ 12%] Built target iniparser
[ 12%] Built target jerasure
Scanning dependencies of target fti.shared
Scanning dependencies of target fti.static
[ 12%] Building C object CMakeFiles/fti.shared.dir/src/IO/hdf5-fti.c.o
[ 13%] Building C object CMakeFiles/fti.shared.dir/src/util/tools.c.o
[ 14%] Building C object CMakeFiles/fti.shared.dir/src/fortran/ftif.c.o
[ 15%] Building C object CMakeFiles/fti.shared.dir/src/IO/posix-dcp.c.o
[ 16%] Building C object CMakeFiles/fti.shared.dir/src/util/metaqueue.c.o
[ 17%] Building C object CMakeFiles/fti.shared.dir/src/api-cuda.c.o
[ 18%] Building C object CMakeFiles/fti.shared.dir/src/recover.c.o
[ 19%] Building C object CMakeFiles/fti.shared.dir/src/util/failure-injection.c.o
[ 20%] Building C object CMakeFiles/fti.shared.dir/src/util/utility.c.o
[ 21%] Building C object CMakeFiles/fti.shared.dir/src/util/ini.c.o
[ 22%] Building C object CMakeFiles/fti.shared.dir/src/util/macros.c.o
[ 23%] Building C object CMakeFiles/fti.shared.dir/src/IO/ftiff.c.o
[ 24%] Building C object CMakeFiles/fti.shared.dir/src/conf.c.o
[ 25%] Building C object CMakeFiles/fti.shared.dir/src/util/dataset.c.o
[ 26%] Building C object CMakeFiles/fti.shared.dir/src/IO/posix.c.o
[ 27%] Building C object CMakeFiles/fti.shared.dir/src/api.c.o
[ 28%] Building C object CMakeFiles/fti.shared.dir/src/IO/mpio.c.o
[ 29%] Building C object CMakeFiles/fti.shared.dir/src/IO/ftiff-dcp.c.o
[ 30%] Building C object CMakeFiles/fti.shared.dir/src/fti-io.c.o
[ 31%] Building C object CMakeFiles/fti.shared.dir/src/postckpt.c.o
[ 32%] Building C object CMakeFiles/fti.shared.dir/src/util/keymap.c.o
[ 33%] Building C object CMakeFiles/fti.shared.dir/src/stage.c.o
[ 34%] Building C object CMakeFiles/fti.shared.dir/src/meta.c.o
[ 35%] Building C object CMakeFiles/fti.shared.dir/src/IO/cuda-md5/md5Opt.c.o
[ 36%] Building C object CMakeFiles/fti.shared.dir/src/icp.c.o
[ 37%] Building C object CMakeFiles/fti.shared.dir/src/topo.c.o
[ 38%] Building C object CMakeFiles/fti.shared.dir/src/postreco.c.o
[ 39%] Building C object CMakeFiles/fti.static.dir/src/util/metaqueue.c.o
[ 40%] Building C object CMakeFiles/fti.shared.dir/src/checkpoint.c.o
[ 41%] Building C object CMakeFiles/fti.static.dir/src/recover.c.o
[ 41%] Building C object CMakeFiles/fti.shared.dir/src/dcp.c.o
[ 42%] Building C object CMakeFiles/fti.static.dir/src/util/dataset.c.o
[ 43%] Building C object CMakeFiles/fti.static.dir/src/checkpoint.c.o
[ 44%] Building C object CMakeFiles/fti.static.dir/src/util/keymap.c.o
[ 45%] Building C object CMakeFiles/fti.static.dir/src/postckpt.c.o
[ 46%] Building C object CMakeFiles/fti.static.dir/src/IO/posix-dcp.c.o
[ 47%] Building C object CMakeFiles/fti.static.dir/src/fortran/ftif.c.o
[ 48%] Building C object CMakeFiles/fti.static.dir/src/postreco.c.o
[ 49%] Building C object CMakeFiles/fti.static.dir/src/IO/posix.c.o
[ 51%] Building C object CMakeFiles/fti.static.dir/src/util/tools.c.o
[ 52%] Building C object CMakeFiles/fti.static.dir/src/IO/mpio.c.o
[ 53%] Building C object CMakeFiles/fti.static.dir/src/IO/ftiff.c.o
[ 54%] Building C object CMakeFiles/fti.static.dir/src/util/ini.c.o
[ 55%] Building C object CMakeFiles/fti.static.dir/src/stage.c.o
[ 56%] Building C object CMakeFiles/fti.static.dir/src/conf.c.o
[ 57%] Building C object CMakeFiles/fti.static.dir/src/util/macros.c.o
[ 58%] Building C object CMakeFiles/fti.static.dir/src/IO/ftiff-dcp.c.o
[ 59%] Building C object CMakeFiles/fti.static.dir/src/icp.c.o
[ 60%] Building C object CMakeFiles/fti.static.dir/src/IO/hdf5-fti.c.o
[ 61%] Building C object CMakeFiles/fti.static.dir/src/fti-io.c.o
[ 50%] Building C object CMakeFiles/fti.static.dir/src/api.c.o
[ 62%] Building C object CMakeFiles/fti.static.dir/src/meta.c.o
[ 63%] Building C object CMakeFiles/fti.static.dir/src/util/utility.c.o
[ 64%] Building C object CMakeFiles/fti.static.dir/src/dcp.c.o
[ 65%] Building C object CMakeFiles/fti.static.dir/src/topo.c.o
[ 65%] Building C object CMakeFiles/fti.static.dir/src/api-cuda.c.o
[ 65%] Building C object CMakeFiles/fti.static.dir/src/util/failure-injection.c.o
[ 66%] Building C object CMakeFiles/fti.static.dir/src/IO/cuda-md5/md5Opt.c.o
[ 67%] Linking C shared library lib/libfti.so
[ 68%] Linking C static library lib/libfti.a
[ 68%] Built target fti.static
Scanning dependencies of target massive.exe
Scanning dependencies of target hd.exe
Scanning dependencies of target diff_test.exe
Scanning dependencies of target consistency
Scanning dependencies of target heatdis
Scanning dependencies of target syncIntv
Scanning dependencies of target addInArray
Scanning dependencies of target ckptHierarchy
Scanning dependencies of target checkDCPPosix.exe
Scanning dependencies of target testkeepl4.exe
Scanning dependencies of target diffSizes
Scanning dependencies of target recoverName.exe
Scanning dependencies of target recoverVar.exe
Scanning dependencies of target check.exe
Scanning dependencies of target nodeFlag
[ 69%] Building C object testing/cornerCases/CMakeFiles/consistency.dir/consistency.c.o
Scanning dependencies of target corrupt
Scanning dependencies of target hd2.exe
[ 69%] Building C object testing/CMakeFiles/heatdis.dir/heatdis.c.o
[ 70%] Building C object testing/CMakeFiles/syncIntv.dir/syncIntv.c.o
[ 72%] Building C object testing/local/staging/CMakeFiles/massive.exe.dir/massive.c.o
[ 72%] Building C object examples/CMakeFiles/hd.exe.dir/heatdis.c.o
[ 72%] Building C object testing/CMakeFiles/addInArray.dir/addInArray.c.o
[ 73%] Building C object testing/local/diffckpt/CMakeFiles/diff_test.exe.dir/diff_test_func.c.o
[ 74%] Building C object testing/local/keepL4Ckpt/CMakeFiles/testkeepl4.exe.dir/test.c.o
[ 75%] Building C object testing/CMakeFiles/nodeFlag.dir/nodeFlag.c.o
[ 76%] Building C object testing/local/diffckpt/CMakeFiles/diff_test.exe.dir/diff_test.c.o
[ 77%] Building C object testing/local/recoverName/CMakeFiles/recoverName.exe.dir/checkRecoverName.c.o
[ 82%] Building C object testing/CMakeFiles/diffSizes.dir/diffSizes.c.o
[ 82%] Building C object testing/CMakeFiles/corrupt.dir/corrupt.c.o
[ 82%] Building C object testing/local/recoverVar/CMakeFiles/recoverVar.exe.dir/checkRecoverVar.c.o
[ 82%] Building C object testing/local/diffckpt/CMakeFiles/checkDCPPosix.exe.dir/checkDCPPosix.c.o
[ 82%] Building C object testing/ckptHierarchy/CMakeFiles/ckptHierarchy.dir/ckptHierarchy.c.o
[ 83%] Building C object testing/local/standard/CMakeFiles/check.exe.dir/check.c.o
[ 84%] Building C object examples/CMakeFiles/hd2.exe.dir/heatd2.c.o
[ 84%] Built target fti.shared
In file included from /home/alexandre/Documents/git/contrib/fti/testing/local/diffckpt/diff_test.c:1:0:
/home/alexandre/Documents/git/contrib/fti/testing/local/diffckpt/diff_test.h:51:0: warning: "DBG_MSG" redefined
 #define DBG_MSG(MSG,RANK,...) do { \
 
In file included from /home/alexandre/Documents/git/contrib/fti/testing/local/diffckpt/diff_test_func.c:1:0:
/home/alexandre/Documents/git/contrib/fti/testing/local/diffckpt/diff_test.h:51:0: warning: "DBG_MSG" redefined
 #define DBG_MSG(MSG,RANK,...) do { \
 
In file included from /home/alexandre/Documents/git/contrib/fti/include/fti.h:37:0,
                 from /home/alexandre/Documents/git/contrib/fti/testing/local/diffckpt/diff_test.h:14,
                 from /home/alexandre/Documents/git/contrib/fti/testing/local/diffckpt/diff_test_func.c:1:
/home/alexandre/Documents/git/contrib/fti/include/fti-intern.h:31:0: note: this is the location of the previous definition
 #define DBG_MSG(MSG,RANK,...) do { \
 
/home/alexandre/Documents/git/contrib/fti/testing/local/staging/massive.c: In function ‘main’:
/home/alexandre/Documents/git/contrib/fti/testing/local/staging/massive.c:26:16: warning: format ‘%d’ expects argument of type ‘int’, but argument 5 has type ‘long unsigned int’ [-Wformat=]
 #define F_FORM "file-rank%04d-iter%05d-numb%02d.fti"
                ^
/home/alexandre/Documents/git/contrib/fti/testing/local/staging/massive.c:26:16: note: in definition of macro ‘F_FORM’
 #define F_FORM "file-rank%04d-iter%05d-numb%02d.fti"
                ^~~~~~~~~~~~~~~~~~~~~~~~~~~~~~~~~~~~~
/home/alexandre/Documents/git/contrib/fti/testing/local/staging/massive.c:26:16: warning: format ‘%d’ expects argument of type ‘int’, but argument 6 has type ‘long unsigned int’ [-Wformat=]
 #define F_FORM "file-rank%04d-iter%05d-numb%02d.fti"
                ^
/home/alexandre/Documents/git/contrib/fti/testing/local/staging/massive.c:26:16: note: in definition of macro ‘F_FORM’
 #define F_FORM "file-rank%04d-iter%05d-numb%02d.fti"
                ^~~~~~~~~~~~~~~~~~~~~~~~~~~~~~~~~~~~~
/home/alexandre/Documents/git/contrib/fti/testing/local/staging/massive.c:26:16: warning: format ‘%d’ expects argument of type ‘int’, but argument 5 has type ‘long unsigned int’ [-Wformat=]
 #define F_FORM "file-rank%04d-iter%05d-numb%02d.fti"
                ^
/home/alexandre/Documents/git/contrib/fti/testing/local/staging/massive.c:26:16: note: in definition of macro ‘F_FORM’
 #define F_FORM "file-rank%04d-iter%05d-numb%02d.fti"
                ^~~~~~~~~~~~~~~~~~~~~~~~~~~~~~~~~~~~~
/home/alexandre/Documents/git/contrib/fti/testing/local/staging/massive.c:26:16: warning: format ‘%d’ expects argument of type ‘int’, but argument 6 has type ‘long unsigned int’ [-Wformat=]
 #define F_FORM "file-rank%04d-iter%05d-numb%02d.fti"
                ^
/home/alexandre/Documents/git/contrib/fti/testing/local/staging/massive.c:26:16: note: in definition of macro ‘F_FORM’
 #define F_FORM "file-rank%04d-iter%05d-numb%02d.fti"
                ^~~~~~~~~~~~~~~~~~~~~~~~~~~~~~~~~~~~~
In file included from /home/alexandre/Documents/git/contrib/fti/include/fti.h:37:0,
                 from /home/alexandre/Documents/git/contrib/fti/testing/local/diffckpt/diff_test.h:14,
                 from /home/alexandre/Documents/git/contrib/fti/testing/local/diffckpt/diff_test.c:1:
/home/alexandre/Documents/git/contrib/fti/include/fti-intern.h:31:0: note: this is the location of the previous definition
 #define DBG_MSG(MSG,RANK,...) do { \
 
In file included from /home/alexandre/Documents/git/contrib/fti/testing/local/diffckpt/diff_test_func.c:1:0:
/home/alexandre/Documents/git/contrib/fti/testing/local/diffckpt/diff_test_func.c: In function ‘init’:
/home/alexandre/Documents/git/contrib/fti/testing/local/diffckpt/diff_test.h:64:17: warning: too many arguments for format [-Wformat-extra-args]
         printf( "%s:%d[INFO] " MSG "\n", __FILE__,__LINE__,rank, ##__VA_ARGS__); \
                 ^
/home/alexandre/Documents/git/contrib/fti/testing/local/diffckpt/diff_test_func.c:80:13: note: in expansion of macro ‘INFO_MSG’
             INFO_MSG("TEST MODE -> ICP");
             ^~~~~~~~
/home/alexandre/Documents/git/contrib/fti/testing/local/diffckpt/diff_test.h:64:17: warning: too many arguments for format [-Wformat-extra-args]
         printf( "%s:%d[INFO] " MSG "\n", __FILE__,__LINE__,rank, ##__VA_ARGS__); \
                 ^
/home/alexandre/Documents/git/contrib/fti/testing/local/diffckpt/diff_test_func.c:83:13: note: in expansion of macro ‘INFO_MSG’
             INFO_MSG("TEST MODE -> NOICP");
             ^~~~~~~~
/home/alexandre/Documents/git/contrib/fti/testing/local/diffckpt/diff_test.h:64:17: warning: too many arguments for format [-Wformat-extra-args]
         printf( "%s:%d[INFO] " MSG "\n", __FILE__,__LINE__,rank, ##__VA_ARGS__); \
                 ^
/home/alexandre/Documents/git/contrib/fti/testing/local/diffckpt/diff_test_func.c:86:13: note: in expansion of macro ‘INFO_MSG’
             INFO_MSG("TEST MODE -> NOICP");
             ^~~~~~~~
/home/alexandre/Documents/git/contrib/fti/testing/local/diffckpt/diff_test.h:64:17: warning: too many arguments for format [-Wformat-extra-args]
         printf( "%s:%d[INFO] " MSG "\n", __FILE__,__LINE__,rank, ##__VA_ARGS__); \
                 ^
/home/alexandre/Documents/git/contrib/fti/testing/local/diffckpt/diff_test_func.c:90:9: note: in expansion of macro ‘INFO_MSG’
         INFO_MSG("TEST MODE -> NOICP");
         ^~~~~~~~
/home/alexandre/Documents/git/contrib/fti/testing/local/diffckpt/diff_test_func.c: In function ‘checkpoint’:
/home/alexandre/Documents/git/contrib/fti/testing/local/diffckpt/diff_test.h:64:17: warning: too many arguments for format [-Wformat-extra-args]
         printf( "%s:%d[INFO] " MSG "\n", __FILE__,__LINE__,rank, ##__VA_ARGS__); \
                 ^
/home/alexandre/Documents/git/contrib/fti/testing/local/diffckpt/diff_test_func.c:155:9: note: in expansion of macro ‘INFO_MSG’
         INFO_MSG("ICP: START CKPT");
         ^~~~~~~~
/home/alexandre/Documents/git/contrib/fti/testing/local/diffckpt/diff_test.h:64:17: warning: too many arguments for format [-Wformat-extra-args]
         printf( "%s:%d[INFO] " MSG "\n", __FILE__,__LINE__,rank, ##__VA_ARGS__); \
                 ^
/home/alexandre/Documents/git/contrib/fti/testing/local/diffckpt/diff_test_func.c:165:9: note: in expansion of macro ‘INFO_MSG’
         INFO_MSG("ICP: END CKPT");
         ^~~~~~~~
/home/alexandre/Documents/git/contrib/fti/testing/local/diffckpt/diff_test.h:64:17: warning: too many arguments for format [-Wformat-extra-args]
         printf( "%s:%d[INFO] " MSG "\n", __FILE__,__LINE__,rank, ##__VA_ARGS__); \
                 ^
/home/alexandre/Documents/git/contrib/fti/testing/local/diffckpt/diff_test_func.c:168:9: note: in expansion of macro ‘INFO_MSG’
         INFO_MSG("NOICP: START CKPT");
         ^~~~~~~~
/home/alexandre/Documents/git/contrib/fti/testing/local/diffckpt/diff_test.h:64:17: warning: too many arguments for format [-Wformat-extra-args]
         printf( "%s:%d[INFO] " MSG "\n", __FILE__,__LINE__,rank, ##__VA_ARGS__); \
                 ^
/home/alexandre/Documents/git/contrib/fti/testing/local/diffckpt/diff_test_func.c:170:9: note: in expansion of macro ‘INFO_MSG’
         INFO_MSG("NOICP: END CKPT");
         ^~~~~~~~
[ 85%] Linking C executable heatdis
[ 86%] Linking C executable ckptHierarchy
[ 87%] Linking C executable addInArray
[ 89%] Linking C executable consistency
[ 88%] Linking C executable recoverVar.exe
[ 90%] Linking C executable testkeepl4.exe
[ 91%] Linking C executable corrupt
[ 92%] Linking C executable checkDCPPosix.exe
[ 93%] Linking C executable check.exe
[ 94%] Linking C executable nodeFlag
[ 95%] Linking C executable massive.exe
[ 96%] Linking C executable recoverName.exe
[ 97%] Linking C executable hd.exe
[ 98%] Linking C executable syncIntv
[ 98%] Linking C executable diffSizes
[ 99%] Linking C executable hd2.exe
[100%] Linking C executable diff_test.exe
[100%] Built target corrupt
[100%] Built target ckptHierarchy
[100%] Built target check.exe
[100%] Built target massive.exe
[100%] Built target testkeepl4.exe
[100%] Built target heatdis
[100%] Built target nodeFlag
[100%] Built target checkDCPPosix.exe
[100%] Built target recoverName.exe
[100%] Built target consistency
[100%] Built target addInArray
[100%] Built target recoverVar.exe
[100%] Built target syncIntv
[100%] Built target hd.exe
[100%] Built target diffSizes
[100%] Built target hd2.exe
[100%] Built target diff_test.exe
Install the project...
-- Install configuration: ""
-- Installing: /home/alexandre/Documents/git/contrib/fti/install/lib/libfti.a
-- Installing: /home/alexandre/Documents/git/contrib/fti/install/lib/libfti.so
-- Set runtime path of "/home/alexandre/Documents/git/contrib/fti/install/lib/libfti.so" to ""
-- Up-to-date: /home/alexandre/Documents/git/contrib/fti/install/include/fti.h
-- Up-to-date: /home/alexandre/Documents/git/contrib/fti/install/include/fti-intern.h
-- Installing: /home/alexandre/Documents/git/contrib/fti/install/share/FTI/cmake/FTILib.cmake
-- Installing: /home/alexandre/Documents/git/contrib/fti/install/share/FTI/cmake/FTILib-noconfig.cmake
-- Installing: /home/alexandre/Documents/git/contrib/fti/install/share/FTI/cmake/FTIConfigVersion.cmake
-- Up-to-date: /home/alexandre/Documents/git/contrib/fti/install/share/FTI/cmake/FTIConfig.cmake
-- Up-to-date: /home/alexandre/Documents/git/contrib/fti/build/testing/itf
-- Installing: /home/alexandre/Documents/git/contrib/fti/build/testing/local/Local
-- Installing: /home/alexandre/Documents/git/contrib/fti/build/testing/local/Global
-- Installing: /home/alexandre/Documents/git/contrib/fti/build/testing/local/Meta
-- Installing: /home/alexandre/Documents/git/contrib/fti/build/testing/local/chk
