The system is: Linux - 4.4.0-36-generic - x86_64
Compiling the C compiler identification source file "CMakeCCompilerId.c" succeeded.
Compiler: /usr/bin/cc 
Build flags: 
Id flags: 

The output was:
0


Compilation of the C compiler identification source "CMakeCCompilerId.c" produced "a.out"

The C compiler identification is GNU, found in "/home/kellekai/Dokumente/BSC/WORK/FTI_REPOS/debug/src/CMakeFiles/3.5.1/CompilerIdC/a.out"

Compiling the Fortran compiler identification source file "CMakeFortranCompilerId.F" succeeded.
Compiler: /usr/bin/gfortran 
Build flags: 
Id flags: -v

The output was:
0
Driving: /usr/bin/gfortran -v CMakeFortranCompilerId.F -l gfortran -l m -shared-libgcc
Using built-in specs.
COLLECT_GCC=/usr/bin/gfortran
COLLECT_LTO_WRAPPER=/usr/lib/gcc/x86_64-linux-gnu/5/lto-wrapper
Target: x86_64-linux-gnu
Configured with: ../src/configure -v --with-pkgversion='Ubuntu 5.4.0-6ubuntu1~16.04.2' --with-bugurl=file:///usr/share/doc/gcc-5/README.Bugs --enable-languages=c,ada,c++,java,go,d,fortran,objc,obj-c++ --prefix=/usr --program-suffix=-5 --enable-shared --enable-linker-build-id --libexecdir=/usr/lib --without-included-gettext --enable-threads=posix --libdir=/usr/lib --enable-nls --with-sysroot=/ --enable-clocale=gnu --enable-libstdcxx-debug --enable-libstdcxx-time=yes --with-default-libstdcxx-abi=new --enable-gnu-unique-object --disable-vtable-verify --enable-libmpx --enable-plugin --with-system-zlib --disable-browser-plugin --enable-java-awt=gtk --enable-gtk-cairo --with-java-home=/usr/lib/jvm/java-1.5.0-gcj-5-amd64/jre --enable-java-home --with-jvm-root-dir=/usr/lib/jvm/java-1.5.0-gcj-5-amd64 --with-jvm-jar-dir=/usr/lib/jvm-exports/java-1.5.0-gcj-5-amd64 --with-arch-directory=amd64 --with-ecj-jar=/usr/share/java/eclipse-ecj.jar --enable-objc-gc --enable-multiarch --disable-werror --with-arch-32=i686 --with-abi=m64 --with-multilib-list=m32,m64,mx32 --enable-multilib --with-tune=generic --enable-checking=release --build=x86_64-linux-gnu --host=x86_64-linux-gnu --target=x86_64-linux-gnu
Thread model: posix
gcc version 5.4.0 20160609 (Ubuntu 5.4.0-6ubuntu1~16.04.2) 
COLLECT_GCC_OPTIONS='-v' '-shared-libgcc' '-mtune=generic' '-march=x86-64'
 /usr/lib/gcc/x86_64-linux-gnu/5/f951 CMakeFortranCompilerId.F -ffixed-form -cpp=/tmp/ccnFfuVS.f90 -quiet -v -imultiarch x86_64-linux-gnu CMakeFortranCompilerId.F -quiet -dumpbase CMakeFortranCompilerId.F -mtune=generic -march=x86-64 -auxbase CMakeFortranCompilerId -version -fintrinsic-modules-path /usr/lib/gcc/x86_64-linux-gnu/5/finclude -o /tmp/ccgDuxOM.s
GNU Fortran (Ubuntu 5.4.0-6ubuntu1~16.04.2) version 5.4.0 20160609 (x86_64-linux-gnu)
	compiled by GNU C version 5.4.0 20160609, GMP version 6.1.0, MPFR version 3.1.4, MPC version 1.0.3
GGC heuristics: --param ggc-min-expand=100 --param ggc-min-heapsize=131072
ignoring nonexistent directory "/usr/local/include/x86_64-linux-gnu"
ignoring nonexistent directory "/usr/lib/gcc/x86_64-linux-gnu/5/../../../../x86_64-linux-gnu/include"
#include "..." search starts here:
#include <...> search starts here:
 /usr/lib/gcc/x86_64-linux-gnu/5/finclude
 /usr/lib/gcc/x86_64-linux-gnu/5/include
 /usr/local/include
 /usr/lib/gcc/x86_64-linux-gnu/5/include-fixed
 /usr/include/x86_64-linux-gnu
 /usr/include
End of search list.
GNU Fortran2008 (Ubuntu 5.4.0-6ubuntu1~16.04.2) version 5.4.0 20160609 (x86_64-linux-gnu)
	compiled by GNU C version 5.4.0 20160609, GMP version 6.1.0, MPFR version 3.1.4, MPC version 1.0.3
GGC heuristics: --param ggc-min-expand=100 --param ggc-min-heapsize=131072
COLLECT_GCC_OPTIONS='-v' '-shared-libgcc' '-mtune=generic' '-march=x86-64'
 as -v --64 -o /tmp/ccYBFiMG.o /tmp/ccgDuxOM.s
Die GNU-Assembler-Version 2.26.1 (x86_64-linux-gnu) benutzt die BFD-Version (GNU Binutils for Ubuntu) 2.26.1
Reading specs from /usr/lib/gcc/x86_64-linux-gnu/5/libgfortran.spec
rename spec lib to liborig
COLLECT_GCC_OPTIONS='-v' '-shared-libgcc' '-mtune=generic' '-march=x86-64'
COMPILER_PATH=/usr/lib/gcc/x86_64-linux-gnu/5/:/usr/lib/gcc/x86_64-linux-gnu/5/:/usr/lib/gcc/x86_64-linux-gnu/:/usr/lib/gcc/x86_64-linux-gnu/5/:/usr/lib/gcc/x86_64-linux-gnu/
LIBRARY_PATH=/usr/lib/gcc/x86_64-linux-gnu/5/:/usr/lib/gcc/x86_64-linux-gnu/5/../../../x86_64-linux-gnu/:/usr/lib/gcc/x86_64-linux-gnu/5/../../../../lib/:/lib/x86_64-linux-gnu/:/lib/../lib/:/usr/lib/x86_64-linux-gnu/:/usr/lib/../lib/:/usr/lib/gcc/x86_64-linux-gnu/5/../../../:/lib/:/usr/lib/
COLLECT_GCC_OPTIONS='-v' '-shared-libgcc' '-mtune=generic' '-march=x86-64'
 /usr/lib/gcc/x86_64-linux-gnu/5/collect2 -plugin /usr/lib/gcc/x86_64-linux-gnu/5/liblto_plugin.so -plugin-opt=/usr/lib/gcc/x86_64-linux-gnu/5/lto-wrapper -plugin-opt=-fresolution=/tmp/ccyhMRKA.res -plugin-opt=-pass-through=-lgcc_s -plugin-opt=-pass-through=-lgcc -plugin-opt=-pass-through=-lquadmath -plugin-opt=-pass-through=-lm -plugin-opt=-pass-through=-lgcc_s -plugin-opt=-pass-through=-lgcc -plugin-opt=-pass-through=-lc -plugin-opt=-pass-through=-lgcc_s -plugin-opt=-pass-through=-lgcc --sysroot=/ --build-id --eh-frame-hdr -m elf_x86_64 --hash-style=gnu --as-needed -dynamic-linker /lib64/ld-linux-x86-64.so.2 -z relro /usr/lib/gcc/x86_64-linux-gnu/5/../../../x86_64-linux-gnu/crt1.o /usr/lib/gcc/x86_64-linux-gnu/5/../../../x86_64-linux-gnu/crti.o /usr/lib/gcc/x86_64-linux-gnu/5/crtbegin.o -L/usr/lib/gcc/x86_64-linux-gnu/5 -L/usr/lib/gcc/x86_64-linux-gnu/5/../../../x86_64-linux-gnu -L/usr/lib/gcc/x86_64-linux-gnu/5/../../../../lib -L/lib/x86_64-linux-gnu -L/lib/../lib -L/usr/lib/x86_64-linux-gnu -L/usr/lib/../lib -L/usr/lib/gcc/x86_64-linux-gnu/5/../../.. /tmp/ccYBFiMG.o -lgfortran -lm -lgcc_s -lgcc -lquadmath -lm -lgcc_s -lgcc -lc -lgcc_s -lgcc /usr/lib/gcc/x86_64-linux-gnu/5/crtend.o /usr/lib/gcc/x86_64-linux-gnu/5/../../../x86_64-linux-gnu/crtn.o


Compilation of the Fortran compiler identification source "CMakeFortranCompilerId.F" produced "a.out"

The Fortran compiler identification is GNU, found in "/home/kellekai/Dokumente/BSC/WORK/FTI_REPOS/debug/src/CMakeFiles/3.5.1/CompilerIdFortran/a.out"

Determining if the C compiler works passed with the following output:
Change Dir: /home/kellekai/Dokumente/BSC/WORK/FTI_REPOS/debug/src/CMakeFiles/CMakeTmp

Run Build Command:"/usr/bin/make" "cmTC_34b2e/fast"
/usr/bin/make -f CMakeFiles/cmTC_34b2e.dir/build.make CMakeFiles/cmTC_34b2e.dir/build
make[1]: Verzeichnis „/home/kellekai/Dokumente/BSC/WORK/FTI_REPOS/debug/src/CMakeFiles/CMakeTmp“ wird betreten
Building C object CMakeFiles/cmTC_34b2e.dir/testCCompiler.c.o
/usr/bin/cc     -o CMakeFiles/cmTC_34b2e.dir/testCCompiler.c.o   -c /home/kellekai/Dokumente/BSC/WORK/FTI_REPOS/debug/src/CMakeFiles/CMakeTmp/testCCompiler.c
Linking C executable cmTC_34b2e
/usr/bin/cmake -E cmake_link_script CMakeFiles/cmTC_34b2e.dir/link.txt --verbose=1
/usr/bin/cc       CMakeFiles/cmTC_34b2e.dir/testCCompiler.c.o  -o cmTC_34b2e -rdynamic 
make[1]: Verzeichnis „/home/kellekai/Dokumente/BSC/WORK/FTI_REPOS/debug/src/CMakeFiles/CMakeTmp“ wird verlassen


Detecting C compiler ABI info compiled with the following output:
Change Dir: /home/kellekai/Dokumente/BSC/WORK/FTI_REPOS/debug/src/CMakeFiles/CMakeTmp

Run Build Command:"/usr/bin/make" "cmTC_dcd17/fast"
/usr/bin/make -f CMakeFiles/cmTC_dcd17.dir/build.make CMakeFiles/cmTC_dcd17.dir/build
make[1]: Verzeichnis „/home/kellekai/Dokumente/BSC/WORK/FTI_REPOS/debug/src/CMakeFiles/CMakeTmp“ wird betreten
Building C object CMakeFiles/cmTC_dcd17.dir/CMakeCCompilerABI.c.o
/usr/bin/cc     -o CMakeFiles/cmTC_dcd17.dir/CMakeCCompilerABI.c.o   -c /usr/share/cmake-3.5/Modules/CMakeCCompilerABI.c
Linking C executable cmTC_dcd17
/usr/bin/cmake -E cmake_link_script CMakeFiles/cmTC_dcd17.dir/link.txt --verbose=1
/usr/bin/cc      -v CMakeFiles/cmTC_dcd17.dir/CMakeCCompilerABI.c.o  -o cmTC_dcd17 -rdynamic  
Using built-in specs.
COLLECT_GCC=/usr/bin/cc
COLLECT_LTO_WRAPPER=/usr/lib/gcc/x86_64-linux-gnu/5/lto-wrapper
Target: x86_64-linux-gnu
Configured with: ../src/configure -v --with-pkgversion='Ubuntu 5.4.0-6ubuntu1~16.04.2' --with-bugurl=file:///usr/share/doc/gcc-5/README.Bugs --enable-languages=c,ada,c++,java,go,d,fortran,objc,obj-c++ --prefix=/usr --program-suffix=-5 --enable-shared --enable-linker-build-id --libexecdir=/usr/lib --without-included-gettext --enable-threads=posix --libdir=/usr/lib --enable-nls --with-sysroot=/ --enable-clocale=gnu --enable-libstdcxx-debug --enable-libstdcxx-time=yes --with-default-libstdcxx-abi=new --enable-gnu-unique-object --disable-vtable-verify --enable-libmpx --enable-plugin --with-system-zlib --disable-browser-plugin --enable-java-awt=gtk --enable-gtk-cairo --with-java-home=/usr/lib/jvm/java-1.5.0-gcj-5-amd64/jre --enable-java-home --with-jvm-root-dir=/usr/lib/jvm/java-1.5.0-gcj-5-amd64 --with-jvm-jar-dir=/usr/lib/jvm-exports/java-1.5.0-gcj-5-amd64 --with-arch-directory=amd64 --with-ecj-jar=/usr/share/java/eclipse-ecj.jar --enable-objc-gc --enable-multiarch --disable-werror --with-arch-32=i686 --with-abi=m64 --with-multilib-list=m32,m64,mx32 --enable-multilib --with-tune=generic --enable-checking=release --build=x86_64-linux-gnu --host=x86_64-linux-gnu --target=x86_64-linux-gnu
Thread model: posix
gcc version 5.4.0 20160609 (Ubuntu 5.4.0-6ubuntu1~16.04.2) 
COMPILER_PATH=/usr/lib/gcc/x86_64-linux-gnu/5/:/usr/lib/gcc/x86_64-linux-gnu/5/:/usr/lib/gcc/x86_64-linux-gnu/:/usr/lib/gcc/x86_64-linux-gnu/5/:/usr/lib/gcc/x86_64-linux-gnu/
LIBRARY_PATH=/usr/lib/gcc/x86_64-linux-gnu/5/:/usr/lib/gcc/x86_64-linux-gnu/5/../../../x86_64-linux-gnu/:/usr/lib/gcc/x86_64-linux-gnu/5/../../../../lib/:/lib/x86_64-linux-gnu/:/lib/../lib/:/usr/lib/x86_64-linux-gnu/:/usr/lib/../lib/:/usr/lib/gcc/x86_64-linux-gnu/5/../../../:/lib/:/usr/lib/
COLLECT_GCC_OPTIONS='-v' '-o' 'cmTC_dcd17' '-rdynamic' '-mtune=generic' '-march=x86-64'
 /usr/lib/gcc/x86_64-linux-gnu/5/collect2 -plugin /usr/lib/gcc/x86_64-linux-gnu/5/liblto_plugin.so -plugin-opt=/usr/lib/gcc/x86_64-linux-gnu/5/lto-wrapper -plugin-opt=-fresolution=/tmp/ccRzCtK5.res -plugin-opt=-pass-through=-lgcc -plugin-opt=-pass-through=-lgcc_s -plugin-opt=-pass-through=-lc -plugin-opt=-pass-through=-lgcc -plugin-opt=-pass-through=-lgcc_s --sysroot=/ --build-id --eh-frame-hdr -m elf_x86_64 --hash-style=gnu --as-needed -export-dynamic -dynamic-linker /lib64/ld-linux-x86-64.so.2 -z relro -o cmTC_dcd17 /usr/lib/gcc/x86_64-linux-gnu/5/../../../x86_64-linux-gnu/crt1.o /usr/lib/gcc/x86_64-linux-gnu/5/../../../x86_64-linux-gnu/crti.o /usr/lib/gcc/x86_64-linux-gnu/5/crtbegin.o -L/usr/lib/gcc/x86_64-linux-gnu/5 -L/usr/lib/gcc/x86_64-linux-gnu/5/../../../x86_64-linux-gnu -L/usr/lib/gcc/x86_64-linux-gnu/5/../../../../lib -L/lib/x86_64-linux-gnu -L/lib/../lib -L/usr/lib/x86_64-linux-gnu -L/usr/lib/../lib -L/usr/lib/gcc/x86_64-linux-gnu/5/../../.. CMakeFiles/cmTC_dcd17.dir/CMakeCCompilerABI.c.o -lgcc --as-needed -lgcc_s --no-as-needed -lc -lgcc --as-needed -lgcc_s --no-as-needed /usr/lib/gcc/x86_64-linux-gnu/5/crtend.o /usr/lib/gcc/x86_64-linux-gnu/5/../../../x86_64-linux-gnu/crtn.o
make[1]: Verzeichnis „/home/kellekai/Dokumente/BSC/WORK/FTI_REPOS/debug/src/CMakeFiles/CMakeTmp“ wird verlassen


Parsed C implicit link information from above output:
  link line regex: [^( *|.*[/\])(ld|([^/\]+-)?ld|collect2)[^/\]*( |$)]
  ignore line: [Change Dir: /home/kellekai/Dokumente/BSC/WORK/FTI_REPOS/debug/src/CMakeFiles/CMakeTmp]
  ignore line: []
  ignore line: [Run Build Command:"/usr/bin/make" "cmTC_dcd17/fast"]
  ignore line: [/usr/bin/make -f CMakeFiles/cmTC_dcd17.dir/build.make CMakeFiles/cmTC_dcd17.dir/build]
  ignore line: [make[1]: Verzeichnis „/home/kellekai/Dokumente/BSC/WORK/FTI_REPOS/debug/src/CMakeFiles/CMakeTmp“ wird betreten]
  ignore line: [Building C object CMakeFiles/cmTC_dcd17.dir/CMakeCCompilerABI.c.o]
  ignore line: [/usr/bin/cc     -o CMakeFiles/cmTC_dcd17.dir/CMakeCCompilerABI.c.o   -c /usr/share/cmake-3.5/Modules/CMakeCCompilerABI.c]
  ignore line: [Linking C executable cmTC_dcd17]
  ignore line: [/usr/bin/cmake -E cmake_link_script CMakeFiles/cmTC_dcd17.dir/link.txt --verbose=1]
  ignore line: [/usr/bin/cc      -v CMakeFiles/cmTC_dcd17.dir/CMakeCCompilerABI.c.o  -o cmTC_dcd17 -rdynamic  ]
  ignore line: [Using built-in specs.]
  ignore line: [COLLECT_GCC=/usr/bin/cc]
  ignore line: [COLLECT_LTO_WRAPPER=/usr/lib/gcc/x86_64-linux-gnu/5/lto-wrapper]
  ignore line: [Target: x86_64-linux-gnu]
  ignore line: [Configured with: ../src/configure -v --with-pkgversion='Ubuntu 5.4.0-6ubuntu1~16.04.2' --with-bugurl=file:///usr/share/doc/gcc-5/README.Bugs --enable-languages=c,ada,c++,java,go,d,fortran,objc,obj-c++ --prefix=/usr --program-suffix=-5 --enable-shared --enable-linker-build-id --libexecdir=/usr/lib --without-included-gettext --enable-threads=posix --libdir=/usr/lib --enable-nls --with-sysroot=/ --enable-clocale=gnu --enable-libstdcxx-debug --enable-libstdcxx-time=yes --with-default-libstdcxx-abi=new --enable-gnu-unique-object --disable-vtable-verify --enable-libmpx --enable-plugin --with-system-zlib --disable-browser-plugin --enable-java-awt=gtk --enable-gtk-cairo --with-java-home=/usr/lib/jvm/java-1.5.0-gcj-5-amd64/jre --enable-java-home --with-jvm-root-dir=/usr/lib/jvm/java-1.5.0-gcj-5-amd64 --with-jvm-jar-dir=/usr/lib/jvm-exports/java-1.5.0-gcj-5-amd64 --with-arch-directory=amd64 --with-ecj-jar=/usr/share/java/eclipse-ecj.jar --enable-objc-gc --enable-multiarch --disable-werror --with-arch-32=i686 --with-abi=m64 --with-multilib-list=m32,m64,mx32 --enable-multilib --with-tune=generic --enable-checking=release --build=x86_64-linux-gnu --host=x86_64-linux-gnu --target=x86_64-linux-gnu]
  ignore line: [Thread model: posix]
  ignore line: [gcc version 5.4.0 20160609 (Ubuntu 5.4.0-6ubuntu1~16.04.2) ]
  ignore line: [COMPILER_PATH=/usr/lib/gcc/x86_64-linux-gnu/5/:/usr/lib/gcc/x86_64-linux-gnu/5/:/usr/lib/gcc/x86_64-linux-gnu/:/usr/lib/gcc/x86_64-linux-gnu/5/:/usr/lib/gcc/x86_64-linux-gnu/]
  ignore line: [LIBRARY_PATH=/usr/lib/gcc/x86_64-linux-gnu/5/:/usr/lib/gcc/x86_64-linux-gnu/5/../../../x86_64-linux-gnu/:/usr/lib/gcc/x86_64-linux-gnu/5/../../../../lib/:/lib/x86_64-linux-gnu/:/lib/../lib/:/usr/lib/x86_64-linux-gnu/:/usr/lib/../lib/:/usr/lib/gcc/x86_64-linux-gnu/5/../../../:/lib/:/usr/lib/]
  ignore line: [COLLECT_GCC_OPTIONS='-v' '-o' 'cmTC_dcd17' '-rdynamic' '-mtune=generic' '-march=x86-64']
  link line: [ /usr/lib/gcc/x86_64-linux-gnu/5/collect2 -plugin /usr/lib/gcc/x86_64-linux-gnu/5/liblto_plugin.so -plugin-opt=/usr/lib/gcc/x86_64-linux-gnu/5/lto-wrapper -plugin-opt=-fresolution=/tmp/ccRzCtK5.res -plugin-opt=-pass-through=-lgcc -plugin-opt=-pass-through=-lgcc_s -plugin-opt=-pass-through=-lc -plugin-opt=-pass-through=-lgcc -plugin-opt=-pass-through=-lgcc_s --sysroot=/ --build-id --eh-frame-hdr -m elf_x86_64 --hash-style=gnu --as-needed -export-dynamic -dynamic-linker /lib64/ld-linux-x86-64.so.2 -z relro -o cmTC_dcd17 /usr/lib/gcc/x86_64-linux-gnu/5/../../../x86_64-linux-gnu/crt1.o /usr/lib/gcc/x86_64-linux-gnu/5/../../../x86_64-linux-gnu/crti.o /usr/lib/gcc/x86_64-linux-gnu/5/crtbegin.o -L/usr/lib/gcc/x86_64-linux-gnu/5 -L/usr/lib/gcc/x86_64-linux-gnu/5/../../../x86_64-linux-gnu -L/usr/lib/gcc/x86_64-linux-gnu/5/../../../../lib -L/lib/x86_64-linux-gnu -L/lib/../lib -L/usr/lib/x86_64-linux-gnu -L/usr/lib/../lib -L/usr/lib/gcc/x86_64-linux-gnu/5/../../.. CMakeFiles/cmTC_dcd17.dir/CMakeCCompilerABI.c.o -lgcc --as-needed -lgcc_s --no-as-needed -lc -lgcc --as-needed -lgcc_s --no-as-needed /usr/lib/gcc/x86_64-linux-gnu/5/crtend.o /usr/lib/gcc/x86_64-linux-gnu/5/../../../x86_64-linux-gnu/crtn.o]
    arg [/usr/lib/gcc/x86_64-linux-gnu/5/collect2] ==> ignore
    arg [-plugin] ==> ignore
    arg [/usr/lib/gcc/x86_64-linux-gnu/5/liblto_plugin.so] ==> ignore
    arg [-plugin-opt=/usr/lib/gcc/x86_64-linux-gnu/5/lto-wrapper] ==> ignore
    arg [-plugin-opt=-fresolution=/tmp/ccRzCtK5.res] ==> ignore
    arg [-plugin-opt=-pass-through=-lgcc] ==> ignore
    arg [-plugin-opt=-pass-through=-lgcc_s] ==> ignore
    arg [-plugin-opt=-pass-through=-lc] ==> ignore
    arg [-plugin-opt=-pass-through=-lgcc] ==> ignore
    arg [-plugin-opt=-pass-through=-lgcc_s] ==> ignore
    arg [--sysroot=/] ==> ignore
    arg [--build-id] ==> ignore
    arg [--eh-frame-hdr] ==> ignore
    arg [-m] ==> ignore
    arg [elf_x86_64] ==> ignore
    arg [--hash-style=gnu] ==> ignore
    arg [--as-needed] ==> ignore
    arg [-export-dynamic] ==> ignore
    arg [-dynamic-linker] ==> ignore
    arg [/lib64/ld-linux-x86-64.so.2] ==> ignore
    arg [-zrelro] ==> ignore
    arg [-o] ==> ignore
    arg [cmTC_dcd17] ==> ignore
    arg [/usr/lib/gcc/x86_64-linux-gnu/5/../../../x86_64-linux-gnu/crt1.o] ==> ignore
    arg [/usr/lib/gcc/x86_64-linux-gnu/5/../../../x86_64-linux-gnu/crti.o] ==> ignore
    arg [/usr/lib/gcc/x86_64-linux-gnu/5/crtbegin.o] ==> ignore
    arg [-L/usr/lib/gcc/x86_64-linux-gnu/5] ==> dir [/usr/lib/gcc/x86_64-linux-gnu/5]
    arg [-L/usr/lib/gcc/x86_64-linux-gnu/5/../../../x86_64-linux-gnu] ==> dir [/usr/lib/gcc/x86_64-linux-gnu/5/../../../x86_64-linux-gnu]
    arg [-L/usr/lib/gcc/x86_64-linux-gnu/5/../../../../lib] ==> dir [/usr/lib/gcc/x86_64-linux-gnu/5/../../../../lib]
    arg [-L/lib/x86_64-linux-gnu] ==> dir [/lib/x86_64-linux-gnu]
    arg [-L/lib/../lib] ==> dir [/lib/../lib]
    arg [-L/usr/lib/x86_64-linux-gnu] ==> dir [/usr/lib/x86_64-linux-gnu]
    arg [-L/usr/lib/../lib] ==> dir [/usr/lib/../lib]
    arg [-L/usr/lib/gcc/x86_64-linux-gnu/5/../../..] ==> dir [/usr/lib/gcc/x86_64-linux-gnu/5/../../..]
    arg [CMakeFiles/cmTC_dcd17.dir/CMakeCCompilerABI.c.o] ==> ignore
    arg [-lgcc] ==> lib [gcc]
    arg [--as-needed] ==> ignore
    arg [-lgcc_s] ==> lib [gcc_s]
    arg [--no-as-needed] ==> ignore
    arg [-lc] ==> lib [c]
    arg [-lgcc] ==> lib [gcc]
    arg [--as-needed] ==> ignore
    arg [-lgcc_s] ==> lib [gcc_s]
    arg [--no-as-needed] ==> ignore
    arg [/usr/lib/gcc/x86_64-linux-gnu/5/crtend.o] ==> ignore
    arg [/usr/lib/gcc/x86_64-linux-gnu/5/../../../x86_64-linux-gnu/crtn.o] ==> ignore
  remove lib [gcc]
  remove lib [gcc_s]
  remove lib [gcc]
  remove lib [gcc_s]
  collapse library dir [/usr/lib/gcc/x86_64-linux-gnu/5] ==> [/usr/lib/gcc/x86_64-linux-gnu/5]
  collapse library dir [/usr/lib/gcc/x86_64-linux-gnu/5/../../../x86_64-linux-gnu] ==> [/usr/lib/x86_64-linux-gnu]
  collapse library dir [/usr/lib/gcc/x86_64-linux-gnu/5/../../../../lib] ==> [/usr/lib]
  collapse library dir [/lib/x86_64-linux-gnu] ==> [/lib/x86_64-linux-gnu]
  collapse library dir [/lib/../lib] ==> [/lib]
  collapse library dir [/usr/lib/x86_64-linux-gnu] ==> [/usr/lib/x86_64-linux-gnu]
  collapse library dir [/usr/lib/../lib] ==> [/usr/lib]
  collapse library dir [/usr/lib/gcc/x86_64-linux-gnu/5/../../..] ==> [/usr/lib]
  implicit libs: [c]
  implicit dirs: [/usr/lib/gcc/x86_64-linux-gnu/5;/usr/lib/x86_64-linux-gnu;/usr/lib;/lib/x86_64-linux-gnu;/lib]
  implicit fwks: []




Detecting C [-std=c11] compiler features compiled with the following output:
Change Dir: /home/kellekai/Dokumente/BSC/WORK/FTI_REPOS/debug/src/CMakeFiles/CMakeTmp

Run Build Command:"/usr/bin/make" "cmTC_012bd/fast"
/usr/bin/make -f CMakeFiles/cmTC_012bd.dir/build.make CMakeFiles/cmTC_012bd.dir/build
make[1]: Verzeichnis „/home/kellekai/Dokumente/BSC/WORK/FTI_REPOS/debug/src/CMakeFiles/CMakeTmp“ wird betreten
Building C object CMakeFiles/cmTC_012bd.dir/feature_tests.c.o
/usr/bin/cc    -std=c11 -o CMakeFiles/cmTC_012bd.dir/feature_tests.c.o   -c /home/kellekai/Dokumente/BSC/WORK/FTI_REPOS/debug/src/CMakeFiles/feature_tests.c
Linking C executable cmTC_012bd
/usr/bin/cmake -E cmake_link_script CMakeFiles/cmTC_012bd.dir/link.txt --verbose=1
/usr/bin/cc       CMakeFiles/cmTC_012bd.dir/feature_tests.c.o  -o cmTC_012bd -rdynamic 
make[1]: Verzeichnis „/home/kellekai/Dokumente/BSC/WORK/FTI_REPOS/debug/src/CMakeFiles/CMakeTmp“ wird verlassen


    Feature record: C_FEATURE:1c_function_prototypes
    Feature record: C_FEATURE:1c_restrict
    Feature record: C_FEATURE:1c_static_assert
    Feature record: C_FEATURE:1c_variadic_macros


Detecting C [-std=c99] compiler features compiled with the following output:
Change Dir: /home/kellekai/Dokumente/BSC/WORK/FTI_REPOS/debug/src/CMakeFiles/CMakeTmp

Run Build Command:"/usr/bin/make" "cmTC_13b5b/fast"
/usr/bin/make -f CMakeFiles/cmTC_13b5b.dir/build.make CMakeFiles/cmTC_13b5b.dir/build
make[1]: Verzeichnis „/home/kellekai/Dokumente/BSC/WORK/FTI_REPOS/debug/src/CMakeFiles/CMakeTmp“ wird betreten
Building C object CMakeFiles/cmTC_13b5b.dir/feature_tests.c.o
/usr/bin/cc    -std=c99 -o CMakeFiles/cmTC_13b5b.dir/feature_tests.c.o   -c /home/kellekai/Dokumente/BSC/WORK/FTI_REPOS/debug/src/CMakeFiles/feature_tests.c
Linking C executable cmTC_13b5b
/usr/bin/cmake -E cmake_link_script CMakeFiles/cmTC_13b5b.dir/link.txt --verbose=1
/usr/bin/cc       CMakeFiles/cmTC_13b5b.dir/feature_tests.c.o  -o cmTC_13b5b -rdynamic 
make[1]: Verzeichnis „/home/kellekai/Dokumente/BSC/WORK/FTI_REPOS/debug/src/CMakeFiles/CMakeTmp“ wird verlassen


    Feature record: C_FEATURE:1c_function_prototypes
    Feature record: C_FEATURE:1c_restrict
    Feature record: C_FEATURE:0c_static_assert
    Feature record: C_FEATURE:1c_variadic_macros


Detecting C [-std=c90] compiler features compiled with the following output:
Change Dir: /home/kellekai/Dokumente/BSC/WORK/FTI_REPOS/debug/src/CMakeFiles/CMakeTmp

Run Build Command:"/usr/bin/make" "cmTC_88575/fast"
/usr/bin/make -f CMakeFiles/cmTC_88575.dir/build.make CMakeFiles/cmTC_88575.dir/build
make[1]: Verzeichnis „/home/kellekai/Dokumente/BSC/WORK/FTI_REPOS/debug/src/CMakeFiles/CMakeTmp“ wird betreten
Building C object CMakeFiles/cmTC_88575.dir/feature_tests.c.o
/usr/bin/cc    -std=c90 -o CMakeFiles/cmTC_88575.dir/feature_tests.c.o   -c /home/kellekai/Dokumente/BSC/WORK/FTI_REPOS/debug/src/CMakeFiles/feature_tests.c
Linking C executable cmTC_88575
/usr/bin/cmake -E cmake_link_script CMakeFiles/cmTC_88575.dir/link.txt --verbose=1
/usr/bin/cc       CMakeFiles/cmTC_88575.dir/feature_tests.c.o  -o cmTC_88575 -rdynamic 
make[1]: Verzeichnis „/home/kellekai/Dokumente/BSC/WORK/FTI_REPOS/debug/src/CMakeFiles/CMakeTmp“ wird verlassen


    Feature record: C_FEATURE:1c_function_prototypes
    Feature record: C_FEATURE:0c_restrict
    Feature record: C_FEATURE:0c_static_assert
    Feature record: C_FEATURE:0c_variadic_macros
Determining if the Fortran compiler works passed with the following output:
Change Dir: /home/kellekai/Dokumente/BSC/WORK/FTI_REPOS/debug/src/CMakeFiles/CMakeTmp

Run Build Command:"/usr/bin/make" "cmTC_52828/fast"
/usr/bin/make -f CMakeFiles/cmTC_52828.dir/build.make CMakeFiles/cmTC_52828.dir/build
make[1]: Verzeichnis „/home/kellekai/Dokumente/BSC/WORK/FTI_REPOS/debug/src/CMakeFiles/CMakeTmp“ wird betreten
Building Fortran object CMakeFiles/cmTC_52828.dir/testFortranCompiler.f.o
/usr/bin/gfortran     -c /home/kellekai/Dokumente/BSC/WORK/FTI_REPOS/debug/src/CMakeFiles/CMakeTmp/testFortranCompiler.f -o CMakeFiles/cmTC_52828.dir/testFortranCompiler.f.o
Linking Fortran executable cmTC_52828
/usr/bin/cmake -E cmake_link_script CMakeFiles/cmTC_52828.dir/link.txt --verbose=1
/usr/bin/gfortran       CMakeFiles/cmTC_52828.dir/testFortranCompiler.f.o  -o cmTC_52828  
make[1]: Verzeichnis „/home/kellekai/Dokumente/BSC/WORK/FTI_REPOS/debug/src/CMakeFiles/CMakeTmp“ wird verlassen


Detecting Fortran compiler ABI info compiled with the following output:
Change Dir: /home/kellekai/Dokumente/BSC/WORK/FTI_REPOS/debug/src/CMakeFiles/CMakeTmp

Run Build Command:"/usr/bin/make" "cmTC_66d97/fast"
/usr/bin/make -f CMakeFiles/cmTC_66d97.dir/build.make CMakeFiles/cmTC_66d97.dir/build
make[1]: Verzeichnis „/home/kellekai/Dokumente/BSC/WORK/FTI_REPOS/debug/src/CMakeFiles/CMakeTmp“ wird betreten
Building Fortran object CMakeFiles/cmTC_66d97.dir/CMakeFortranCompilerABI.F.o
/usr/bin/gfortran     -c /usr/share/cmake-3.5/Modules/CMakeFortranCompilerABI.F -o CMakeFiles/cmTC_66d97.dir/CMakeFortranCompilerABI.F.o
Linking Fortran executable cmTC_66d97
/usr/bin/cmake -E cmake_link_script CMakeFiles/cmTC_66d97.dir/link.txt --verbose=1
/usr/bin/gfortran    -v   CMakeFiles/cmTC_66d97.dir/CMakeFortranCompilerABI.F.o  -o cmTC_66d97   
Driving: /usr/bin/gfortran -v CMakeFiles/cmTC_66d97.dir/CMakeFortranCompilerABI.F.o -o cmTC_66d97 -l gfortran -l m -shared-libgcc
Using built-in specs.
COLLECT_GCC=/usr/bin/gfortran
COLLECT_LTO_WRAPPER=/usr/lib/gcc/x86_64-linux-gnu/5/lto-wrapper
Target: x86_64-linux-gnu
Configured with: ../src/configure -v --with-pkgversion='Ubuntu 5.4.0-6ubuntu1~16.04.2' --with-bugurl=file:///usr/share/doc/gcc-5/README.Bugs --enable-languages=c,ada,c++,java,go,d,fortran,objc,obj-c++ --prefix=/usr --program-suffix=-5 --enable-shared --enable-linker-build-id --libexecdir=/usr/lib --without-included-gettext --enable-threads=posix --libdir=/usr/lib --enable-nls --with-sysroot=/ --enable-clocale=gnu --enable-libstdcxx-debug --enable-libstdcxx-time=yes --with-default-libstdcxx-abi=new --enable-gnu-unique-object --disable-vtable-verify --enable-libmpx --enable-plugin --with-system-zlib --disable-browser-plugin --enable-java-awt=gtk --enable-gtk-cairo --with-java-home=/usr/lib/jvm/java-1.5.0-gcj-5-amd64/jre --enable-java-home --with-jvm-root-dir=/usr/lib/jvm/java-1.5.0-gcj-5-amd64 --with-jvm-jar-dir=/usr/lib/jvm-exports/java-1.5.0-gcj-5-amd64 --with-arch-directory=amd64 --with-ecj-jar=/usr/share/java/eclipse-ecj.jar --enable-objc-gc --enable-multiarch --disable-werror --with-arch-32=i686 --with-abi=m64 --with-multilib-list=m32,m64,mx32 --enable-multilib --with-tune=generic --enable-checking=release --build=x86_64-linux-gnu --host=x86_64-linux-gnu --target=x86_64-linux-gnu
Thread model: posix
gcc version 5.4.0 20160609 (Ubuntu 5.4.0-6ubuntu1~16.04.2) 
Reading specs from /usr/lib/gcc/x86_64-linux-gnu/5/libgfortran.spec
rename spec lib to liborig
COLLECT_GCC_OPTIONS='-v' '-o' 'cmTC_66d97' '-shared-libgcc' '-mtune=generic' '-march=x86-64'
COMPILER_PATH=/usr/lib/gcc/x86_64-linux-gnu/5/:/usr/lib/gcc/x86_64-linux-gnu/5/:/usr/lib/gcc/x86_64-linux-gnu/:/usr/lib/gcc/x86_64-linux-gnu/5/:/usr/lib/gcc/x86_64-linux-gnu/
LIBRARY_PATH=/usr/lib/gcc/x86_64-linux-gnu/5/:/usr/lib/gcc/x86_64-linux-gnu/5/../../../x86_64-linux-gnu/:/usr/lib/gcc/x86_64-linux-gnu/5/../../../../lib/:/lib/x86_64-linux-gnu/:/lib/../lib/:/usr/lib/x86_64-linux-gnu/:/usr/lib/../lib/:/usr/lib/gcc/x86_64-linux-gnu/5/../../../:/lib/:/usr/lib/
COLLECT_GCC_OPTIONS='-v' '-o' 'cmTC_66d97' '-shared-libgcc' '-mtune=generic' '-march=x86-64'
 /usr/lib/gcc/x86_64-linux-gnu/5/collect2 -plugin /usr/lib/gcc/x86_64-linux-gnu/5/liblto_plugin.so -plugin-opt=/usr/lib/gcc/x86_64-linux-gnu/5/lto-wrapper -plugin-opt=-fresolution=/tmp/ccpQ83mQ.res -plugin-opt=-pass-through=-lgcc_s -plugin-opt=-pass-through=-lgcc -plugin-opt=-pass-through=-lquadmath -plugin-opt=-pass-through=-lm -plugin-opt=-pass-through=-lgcc_s -plugin-opt=-pass-through=-lgcc -plugin-opt=-pass-through=-lc -plugin-opt=-pass-through=-lgcc_s -plugin-opt=-pass-through=-lgcc --sysroot=/ --build-id --eh-frame-hdr -m elf_x86_64 --hash-style=gnu --as-needed -dynamic-linker /lib64/ld-linux-x86-64.so.2 -z relro -o cmTC_66d97 /usr/lib/gcc/x86_64-linux-gnu/5/../../../x86_64-linux-gnu/crt1.o /usr/lib/gcc/x86_64-linux-gnu/5/../../../x86_64-linux-gnu/crti.o /usr/lib/gcc/x86_64-linux-gnu/5/crtbegin.o -L/usr/lib/gcc/x86_64-linux-gnu/5 -L/usr/lib/gcc/x86_64-linux-gnu/5/../../../x86_64-linux-gnu -L/usr/lib/gcc/x86_64-linux-gnu/5/../../../../lib -L/lib/x86_64-linux-gnu -L/lib/../lib -L/usr/lib/x86_64-linux-gnu -L/usr/lib/../lib -L/usr/lib/gcc/x86_64-linux-gnu/5/../../.. CMakeFiles/cmTC_66d97.dir/CMakeFortranCompilerABI.F.o -lgfortran -lm -lgcc_s -lgcc -lquadmath -lm -lgcc_s -lgcc -lc -lgcc_s -lgcc /usr/lib/gcc/x86_64-linux-gnu/5/crtend.o /usr/lib/gcc/x86_64-linux-gnu/5/../../../x86_64-linux-gnu/crtn.o
make[1]: Verzeichnis „/home/kellekai/Dokumente/BSC/WORK/FTI_REPOS/debug/src/CMakeFiles/CMakeTmp“ wird verlassen


Parsed Fortran implicit link information from above output:
  link line regex: [^( *|.*[/\])(ld|([^/\]+-)?ld|collect2)[^/\]*( |$)]
  ignore line: [Change Dir: /home/kellekai/Dokumente/BSC/WORK/FTI_REPOS/debug/src/CMakeFiles/CMakeTmp]
  ignore line: []
  ignore line: [Run Build Command:"/usr/bin/make" "cmTC_66d97/fast"]
  ignore line: [/usr/bin/make -f CMakeFiles/cmTC_66d97.dir/build.make CMakeFiles/cmTC_66d97.dir/build]
  ignore line: [make[1]: Verzeichnis „/home/kellekai/Dokumente/BSC/WORK/FTI_REPOS/debug/src/CMakeFiles/CMakeTmp“ wird betreten]
  ignore line: [Building Fortran object CMakeFiles/cmTC_66d97.dir/CMakeFortranCompilerABI.F.o]
  ignore line: [/usr/bin/gfortran     -c /usr/share/cmake-3.5/Modules/CMakeFortranCompilerABI.F -o CMakeFiles/cmTC_66d97.dir/CMakeFortranCompilerABI.F.o]
  ignore line: [Linking Fortran executable cmTC_66d97]
  ignore line: [/usr/bin/cmake -E cmake_link_script CMakeFiles/cmTC_66d97.dir/link.txt --verbose=1]
  ignore line: [/usr/bin/gfortran    -v   CMakeFiles/cmTC_66d97.dir/CMakeFortranCompilerABI.F.o  -o cmTC_66d97   ]
  ignore line: [Driving: /usr/bin/gfortran -v CMakeFiles/cmTC_66d97.dir/CMakeFortranCompilerABI.F.o -o cmTC_66d97 -l gfortran -l m -shared-libgcc]
  ignore line: [Using built-in specs.]
  ignore line: [COLLECT_GCC=/usr/bin/gfortran]
  ignore line: [COLLECT_LTO_WRAPPER=/usr/lib/gcc/x86_64-linux-gnu/5/lto-wrapper]
  ignore line: [Target: x86_64-linux-gnu]
  ignore line: [Configured with: ../src/configure -v --with-pkgversion='Ubuntu 5.4.0-6ubuntu1~16.04.2' --with-bugurl=file:///usr/share/doc/gcc-5/README.Bugs --enable-languages=c,ada,c++,java,go,d,fortran,objc,obj-c++ --prefix=/usr --program-suffix=-5 --enable-shared --enable-linker-build-id --libexecdir=/usr/lib --without-included-gettext --enable-threads=posix --libdir=/usr/lib --enable-nls --with-sysroot=/ --enable-clocale=gnu --enable-libstdcxx-debug --enable-libstdcxx-time=yes --with-default-libstdcxx-abi=new --enable-gnu-unique-object --disable-vtable-verify --enable-libmpx --enable-plugin --with-system-zlib --disable-browser-plugin --enable-java-awt=gtk --enable-gtk-cairo --with-java-home=/usr/lib/jvm/java-1.5.0-gcj-5-amd64/jre --enable-java-home --with-jvm-root-dir=/usr/lib/jvm/java-1.5.0-gcj-5-amd64 --with-jvm-jar-dir=/usr/lib/jvm-exports/java-1.5.0-gcj-5-amd64 --with-arch-directory=amd64 --with-ecj-jar=/usr/share/java/eclipse-ecj.jar --enable-objc-gc --enable-multiarch --disable-werror --with-arch-32=i686 --with-abi=m64 --with-multilib-list=m32,m64,mx32 --enable-multilib --with-tune=generic --enable-checking=release --build=x86_64-linux-gnu --host=x86_64-linux-gnu --target=x86_64-linux-gnu]
  ignore line: [Thread model: posix]
  ignore line: [gcc version 5.4.0 20160609 (Ubuntu 5.4.0-6ubuntu1~16.04.2) ]
  ignore line: [Reading specs from /usr/lib/gcc/x86_64-linux-gnu/5/libgfortran.spec]
  ignore line: [rename spec lib to liborig]
  ignore line: [COLLECT_GCC_OPTIONS='-v' '-o' 'cmTC_66d97' '-shared-libgcc' '-mtune=generic' '-march=x86-64']
  ignore line: [COMPILER_PATH=/usr/lib/gcc/x86_64-linux-gnu/5/:/usr/lib/gcc/x86_64-linux-gnu/5/:/usr/lib/gcc/x86_64-linux-gnu/:/usr/lib/gcc/x86_64-linux-gnu/5/:/usr/lib/gcc/x86_64-linux-gnu/]
  ignore line: [LIBRARY_PATH=/usr/lib/gcc/x86_64-linux-gnu/5/:/usr/lib/gcc/x86_64-linux-gnu/5/../../../x86_64-linux-gnu/:/usr/lib/gcc/x86_64-linux-gnu/5/../../../../lib/:/lib/x86_64-linux-gnu/:/lib/../lib/:/usr/lib/x86_64-linux-gnu/:/usr/lib/../lib/:/usr/lib/gcc/x86_64-linux-gnu/5/../../../:/lib/:/usr/lib/]
  ignore line: [COLLECT_GCC_OPTIONS='-v' '-o' 'cmTC_66d97' '-shared-libgcc' '-mtune=generic' '-march=x86-64']
  link line: [ /usr/lib/gcc/x86_64-linux-gnu/5/collect2 -plugin /usr/lib/gcc/x86_64-linux-gnu/5/liblto_plugin.so -plugin-opt=/usr/lib/gcc/x86_64-linux-gnu/5/lto-wrapper -plugin-opt=-fresolution=/tmp/ccpQ83mQ.res -plugin-opt=-pass-through=-lgcc_s -plugin-opt=-pass-through=-lgcc -plugin-opt=-pass-through=-lquadmath -plugin-opt=-pass-through=-lm -plugin-opt=-pass-through=-lgcc_s -plugin-opt=-pass-through=-lgcc -plugin-opt=-pass-through=-lc -plugin-opt=-pass-through=-lgcc_s -plugin-opt=-pass-through=-lgcc --sysroot=/ --build-id --eh-frame-hdr -m elf_x86_64 --hash-style=gnu --as-needed -dynamic-linker /lib64/ld-linux-x86-64.so.2 -z relro -o cmTC_66d97 /usr/lib/gcc/x86_64-linux-gnu/5/../../../x86_64-linux-gnu/crt1.o /usr/lib/gcc/x86_64-linux-gnu/5/../../../x86_64-linux-gnu/crti.o /usr/lib/gcc/x86_64-linux-gnu/5/crtbegin.o -L/usr/lib/gcc/x86_64-linux-gnu/5 -L/usr/lib/gcc/x86_64-linux-gnu/5/../../../x86_64-linux-gnu -L/usr/lib/gcc/x86_64-linux-gnu/5/../../../../lib -L/lib/x86_64-linux-gnu -L/lib/../lib -L/usr/lib/x86_64-linux-gnu -L/usr/lib/../lib -L/usr/lib/gcc/x86_64-linux-gnu/5/../../.. CMakeFiles/cmTC_66d97.dir/CMakeFortranCompilerABI.F.o -lgfortran -lm -lgcc_s -lgcc -lquadmath -lm -lgcc_s -lgcc -lc -lgcc_s -lgcc /usr/lib/gcc/x86_64-linux-gnu/5/crtend.o /usr/lib/gcc/x86_64-linux-gnu/5/../../../x86_64-linux-gnu/crtn.o]
    arg [/usr/lib/gcc/x86_64-linux-gnu/5/collect2] ==> ignore
    arg [-plugin] ==> ignore
    arg [/usr/lib/gcc/x86_64-linux-gnu/5/liblto_plugin.so] ==> ignore
    arg [-plugin-opt=/usr/lib/gcc/x86_64-linux-gnu/5/lto-wrapper] ==> ignore
    arg [-plugin-opt=-fresolution=/tmp/ccpQ83mQ.res] ==> ignore
    arg [-plugin-opt=-pass-through=-lgcc_s] ==> ignore
    arg [-plugin-opt=-pass-through=-lgcc] ==> ignore
    arg [-plugin-opt=-pass-through=-lquadmath] ==> ignore
    arg [-plugin-opt=-pass-through=-lm] ==> ignore
    arg [-plugin-opt=-pass-through=-lgcc_s] ==> ignore
    arg [-plugin-opt=-pass-through=-lgcc] ==> ignore
    arg [-plugin-opt=-pass-through=-lc] ==> ignore
    arg [-plugin-opt=-pass-through=-lgcc_s] ==> ignore
    arg [-plugin-opt=-pass-through=-lgcc] ==> ignore
    arg [--sysroot=/] ==> ignore
    arg [--build-id] ==> ignore
    arg [--eh-frame-hdr] ==> ignore
    arg [-m] ==> ignore
    arg [elf_x86_64] ==> ignore
    arg [--hash-style=gnu] ==> ignore
    arg [--as-needed] ==> ignore
    arg [-dynamic-linker] ==> ignore
    arg [/lib64/ld-linux-x86-64.so.2] ==> ignore
    arg [-zrelro] ==> ignore
    arg [-o] ==> ignore
    arg [cmTC_66d97] ==> ignore
    arg [/usr/lib/gcc/x86_64-linux-gnu/5/../../../x86_64-linux-gnu/crt1.o] ==> ignore
    arg [/usr/lib/gcc/x86_64-linux-gnu/5/../../../x86_64-linux-gnu/crti.o] ==> ignore
    arg [/usr/lib/gcc/x86_64-linux-gnu/5/crtbegin.o] ==> ignore
    arg [-L/usr/lib/gcc/x86_64-linux-gnu/5] ==> dir [/usr/lib/gcc/x86_64-linux-gnu/5]
    arg [-L/usr/lib/gcc/x86_64-linux-gnu/5/../../../x86_64-linux-gnu] ==> dir [/usr/lib/gcc/x86_64-linux-gnu/5/../../../x86_64-linux-gnu]
    arg [-L/usr/lib/gcc/x86_64-linux-gnu/5/../../../../lib] ==> dir [/usr/lib/gcc/x86_64-linux-gnu/5/../../../../lib]
    arg [-L/lib/x86_64-linux-gnu] ==> dir [/lib/x86_64-linux-gnu]
    arg [-L/lib/../lib] ==> dir [/lib/../lib]
    arg [-L/usr/lib/x86_64-linux-gnu] ==> dir [/usr/lib/x86_64-linux-gnu]
    arg [-L/usr/lib/../lib] ==> dir [/usr/lib/../lib]
    arg [-L/usr/lib/gcc/x86_64-linux-gnu/5/../../..] ==> dir [/usr/lib/gcc/x86_64-linux-gnu/5/../../..]
    arg [CMakeFiles/cmTC_66d97.dir/CMakeFortranCompilerABI.F.o] ==> ignore
    arg [-lgfortran] ==> lib [gfortran]
    arg [-lm] ==> lib [m]
    arg [-lgcc_s] ==> lib [gcc_s]
    arg [-lgcc] ==> lib [gcc]
    arg [-lquadmath] ==> lib [quadmath]
    arg [-lm] ==> lib [m]
    arg [-lgcc_s] ==> lib [gcc_s]
    arg [-lgcc] ==> lib [gcc]
    arg [-lc] ==> lib [c]
    arg [-lgcc_s] ==> lib [gcc_s]
    arg [-lgcc] ==> lib [gcc]
    arg [/usr/lib/gcc/x86_64-linux-gnu/5/crtend.o] ==> ignore
    arg [/usr/lib/gcc/x86_64-linux-gnu/5/../../../x86_64-linux-gnu/crtn.o] ==> ignore
  remove lib [gcc_s]
  remove lib [gcc]
  remove lib [gcc_s]
  remove lib [gcc]
  remove lib [gcc_s]
  remove lib [gcc]
  collapse library dir [/usr/lib/gcc/x86_64-linux-gnu/5] ==> [/usr/lib/gcc/x86_64-linux-gnu/5]
  collapse library dir [/usr/lib/gcc/x86_64-linux-gnu/5/../../../x86_64-linux-gnu] ==> [/usr/lib/x86_64-linux-gnu]
  collapse library dir [/usr/lib/gcc/x86_64-linux-gnu/5/../../../../lib] ==> [/usr/lib]
  collapse library dir [/lib/x86_64-linux-gnu] ==> [/lib/x86_64-linux-gnu]
  collapse library dir [/lib/../lib] ==> [/lib]
  collapse library dir [/usr/lib/x86_64-linux-gnu] ==> [/usr/lib/x86_64-linux-gnu]
  collapse library dir [/usr/lib/../lib] ==> [/usr/lib]
  collapse library dir [/usr/lib/gcc/x86_64-linux-gnu/5/../../..] ==> [/usr/lib]
  implicit libs: [gfortran;m;quadmath;m;c]
  implicit dirs: [/usr/lib/gcc/x86_64-linux-gnu/5;/usr/lib/x86_64-linux-gnu;/usr/lib;/lib/x86_64-linux-gnu;/lib]
  implicit fwks: []


Determining if the Fortran compiler supports Fortran 90 passed with the following output:
Change Dir: /home/kellekai/Dokumente/BSC/WORK/FTI_REPOS/debug/src/CMakeFiles/CMakeTmp

Run Build Command:"/usr/bin/make" "cmTC_c4e7a/fast"
/usr/bin/make -f CMakeFiles/cmTC_c4e7a.dir/build.make CMakeFiles/cmTC_c4e7a.dir/build
make[1]: Verzeichnis „/home/kellekai/Dokumente/BSC/WORK/FTI_REPOS/debug/src/CMakeFiles/CMakeTmp“ wird betreten
Building Fortran object CMakeFiles/cmTC_c4e7a.dir/testFortranCompilerF90.f90.o
/usr/bin/gfortran     -c /home/kellekai/Dokumente/BSC/WORK/FTI_REPOS/debug/src/CMakeFiles/CMakeTmp/testFortranCompilerF90.f90 -o CMakeFiles/cmTC_c4e7a.dir/testFortranCompilerF90.f90.o
Linking Fortran executable cmTC_c4e7a
/usr/bin/cmake -E cmake_link_script CMakeFiles/cmTC_c4e7a.dir/link.txt --verbose=1
/usr/bin/gfortran       CMakeFiles/cmTC_c4e7a.dir/testFortranCompilerF90.f90.o  -o cmTC_c4e7a  
make[1]: Verzeichnis „/home/kellekai/Dokumente/BSC/WORK/FTI_REPOS/debug/src/CMakeFiles/CMakeTmp“ wird verlassen


CHARACTER(KIND=1) type successfully compiled with the following output:
Change Dir: /home/kellekai/Dokumente/BSC/WORK/FTI_REPOS/debug/src/CMakeFiles/CMakeFiles/CMakeTmp

Run Build Command:"/usr/bin/make" "cmTC_2eb63/fast"
/usr/bin/make -f CMakeFiles/cmTC_2eb63.dir/build.make CMakeFiles/cmTC_2eb63.dir/build
make[1]: Verzeichnis „/home/kellekai/Dokumente/BSC/WORK/FTI_REPOS/debug/src/CMakeFiles/CMakeFiles/CMakeTmp“ wird betreten
Building Fortran object CMakeFiles/cmTC_2eb63.dir/cmake_test_BPP_CHARACTER1_WORKS.f90.o
/usr/bin/gfortran     -c /home/kellekai/Dokumente/BSC/WORK/FTI_REPOS/debug/src/CMakeFiles/cmake_test_BPP_CHARACTER1_WORKS.f90 -o CMakeFiles/cmTC_2eb63.dir/cmake_test_BPP_CHARACTER1_WORKS.f90.o
Linking Fortran executable cmTC_2eb63
/usr/bin/cmake -E cmake_link_script CMakeFiles/cmTC_2eb63.dir/link.txt --verbose=1
/usr/bin/gfortran       CMakeFiles/cmTC_2eb63.dir/cmake_test_BPP_CHARACTER1_WORKS.f90.o  -o cmTC_2eb63  
make[1]: Verzeichnis „/home/kellekai/Dokumente/BSC/WORK/FTI_REPOS/debug/src/CMakeFiles/CMakeFiles/CMakeTmp“ wird verlassen

CHARACTER(KIND=4) type successfully compiled with the following output:
Change Dir: /home/kellekai/Dokumente/BSC/WORK/FTI_REPOS/debug/src/CMakeFiles/CMakeFiles/CMakeTmp

Run Build Command:"/usr/bin/make" "cmTC_81cc7/fast"
/usr/bin/make -f CMakeFiles/cmTC_81cc7.dir/build.make CMakeFiles/cmTC_81cc7.dir/build
make[1]: Verzeichnis „/home/kellekai/Dokumente/BSC/WORK/FTI_REPOS/debug/src/CMakeFiles/CMakeFiles/CMakeTmp“ wird betreten
Building Fortran object CMakeFiles/cmTC_81cc7.dir/cmake_test_BPP_CHARACTER4_WORKS.f90.o
/usr/bin/gfortran     -c /home/kellekai/Dokumente/BSC/WORK/FTI_REPOS/debug/src/CMakeFiles/cmake_test_BPP_CHARACTER4_WORKS.f90 -o CMakeFiles/cmTC_81cc7.dir/cmake_test_BPP_CHARACTER4_WORKS.f90.o
Linking Fortran executable cmTC_81cc7
/usr/bin/cmake -E cmake_link_script CMakeFiles/cmTC_81cc7.dir/link.txt --verbose=1
/usr/bin/gfortran       CMakeFiles/cmTC_81cc7.dir/cmake_test_BPP_CHARACTER4_WORKS.f90.o  -o cmTC_81cc7  
make[1]: Verzeichnis „/home/kellekai/Dokumente/BSC/WORK/FTI_REPOS/debug/src/CMakeFiles/CMakeFiles/CMakeTmp“ wird verlassen

COMPLEX(KIND=4) type successfully compiled with the following output:
Change Dir: /home/kellekai/Dokumente/BSC/WORK/FTI_REPOS/debug/src/CMakeFiles/CMakeFiles/CMakeTmp

Run Build Command:"/usr/bin/make" "cmTC_2fdc3/fast"
/usr/bin/make -f CMakeFiles/cmTC_2fdc3.dir/build.make CMakeFiles/cmTC_2fdc3.dir/build
make[1]: Verzeichnis „/home/kellekai/Dokumente/BSC/WORK/FTI_REPOS/debug/src/CMakeFiles/CMakeFiles/CMakeTmp“ wird betreten
Building Fortran object CMakeFiles/cmTC_2fdc3.dir/cmake_test_BPP_COMPLEX4_WORKS.f90.o
/usr/bin/gfortran     -c /home/kellekai/Dokumente/BSC/WORK/FTI_REPOS/debug/src/CMakeFiles/cmake_test_BPP_COMPLEX4_WORKS.f90 -o CMakeFiles/cmTC_2fdc3.dir/cmake_test_BPP_COMPLEX4_WORKS.f90.o
Linking Fortran executable cmTC_2fdc3
/usr/bin/cmake -E cmake_link_script CMakeFiles/cmTC_2fdc3.dir/link.txt --verbose=1
/usr/bin/gfortran       CMakeFiles/cmTC_2fdc3.dir/cmake_test_BPP_COMPLEX4_WORKS.f90.o  -o cmTC_2fdc3  
make[1]: Verzeichnis „/home/kellekai/Dokumente/BSC/WORK/FTI_REPOS/debug/src/CMakeFiles/CMakeFiles/CMakeTmp“ wird verlassen

COMPLEX(KIND=8) type successfully compiled with the following output:
Change Dir: /home/kellekai/Dokumente/BSC/WORK/FTI_REPOS/debug/src/CMakeFiles/CMakeFiles/CMakeTmp

Run Build Command:"/usr/bin/make" "cmTC_20b74/fast"
/usr/bin/make -f CMakeFiles/cmTC_20b74.dir/build.make CMakeFiles/cmTC_20b74.dir/build
make[1]: Verzeichnis „/home/kellekai/Dokumente/BSC/WORK/FTI_REPOS/debug/src/CMakeFiles/CMakeFiles/CMakeTmp“ wird betreten
Building Fortran object CMakeFiles/cmTC_20b74.dir/cmake_test_BPP_COMPLEX8_WORKS.f90.o
/usr/bin/gfortran     -c /home/kellekai/Dokumente/BSC/WORK/FTI_REPOS/debug/src/CMakeFiles/cmake_test_BPP_COMPLEX8_WORKS.f90 -o CMakeFiles/cmTC_20b74.dir/cmake_test_BPP_COMPLEX8_WORKS.f90.o
Linking Fortran executable cmTC_20b74
/usr/bin/cmake -E cmake_link_script CMakeFiles/cmTC_20b74.dir/link.txt --verbose=1
/usr/bin/gfortran       CMakeFiles/cmTC_20b74.dir/cmake_test_BPP_COMPLEX8_WORKS.f90.o  -o cmTC_20b74  
make[1]: Verzeichnis „/home/kellekai/Dokumente/BSC/WORK/FTI_REPOS/debug/src/CMakeFiles/CMakeFiles/CMakeTmp“ wird verlassen

COMPLEX(KIND=16) type successfully compiled with the following output:
Change Dir: /home/kellekai/Dokumente/BSC/WORK/FTI_REPOS/debug/src/CMakeFiles/CMakeFiles/CMakeTmp

Run Build Command:"/usr/bin/make" "cmTC_1c10e/fast"
/usr/bin/make -f CMakeFiles/cmTC_1c10e.dir/build.make CMakeFiles/cmTC_1c10e.dir/build
make[1]: Verzeichnis „/home/kellekai/Dokumente/BSC/WORK/FTI_REPOS/debug/src/CMakeFiles/CMakeFiles/CMakeTmp“ wird betreten
Building Fortran object CMakeFiles/cmTC_1c10e.dir/cmake_test_BPP_COMPLEX16_WORKS.f90.o
/usr/bin/gfortran     -c /home/kellekai/Dokumente/BSC/WORK/FTI_REPOS/debug/src/CMakeFiles/cmake_test_BPP_COMPLEX16_WORKS.f90 -o CMakeFiles/cmTC_1c10e.dir/cmake_test_BPP_COMPLEX16_WORKS.f90.o
Linking Fortran executable cmTC_1c10e
/usr/bin/cmake -E cmake_link_script CMakeFiles/cmTC_1c10e.dir/link.txt --verbose=1
/usr/bin/gfortran       CMakeFiles/cmTC_1c10e.dir/cmake_test_BPP_COMPLEX16_WORKS.f90.o  -o cmTC_1c10e  
make[1]: Verzeichnis „/home/kellekai/Dokumente/BSC/WORK/FTI_REPOS/debug/src/CMakeFiles/CMakeFiles/CMakeTmp“ wird verlassen

INTEGER(KIND=1) type successfully compiled with the following output:
Change Dir: /home/kellekai/Dokumente/BSC/WORK/FTI_REPOS/debug/src/CMakeFiles/CMakeFiles/CMakeTmp

Run Build Command:"/usr/bin/make" "cmTC_b20be/fast"
/usr/bin/make -f CMakeFiles/cmTC_b20be.dir/build.make CMakeFiles/cmTC_b20be.dir/build
make[1]: Verzeichnis „/home/kellekai/Dokumente/BSC/WORK/FTI_REPOS/debug/src/CMakeFiles/CMakeFiles/CMakeTmp“ wird betreten
Building Fortran object CMakeFiles/cmTC_b20be.dir/cmake_test_BPP_INTEGER1_WORKS.f90.o
/usr/bin/gfortran     -c /home/kellekai/Dokumente/BSC/WORK/FTI_REPOS/debug/src/CMakeFiles/cmake_test_BPP_INTEGER1_WORKS.f90 -o CMakeFiles/cmTC_b20be.dir/cmake_test_BPP_INTEGER1_WORKS.f90.o
Linking Fortran executable cmTC_b20be
/usr/bin/cmake -E cmake_link_script CMakeFiles/cmTC_b20be.dir/link.txt --verbose=1
/usr/bin/gfortran       CMakeFiles/cmTC_b20be.dir/cmake_test_BPP_INTEGER1_WORKS.f90.o  -o cmTC_b20be  
make[1]: Verzeichnis „/home/kellekai/Dokumente/BSC/WORK/FTI_REPOS/debug/src/CMakeFiles/CMakeFiles/CMakeTmp“ wird verlassen

INTEGER(KIND=2) type successfully compiled with the following output:
Change Dir: /home/kellekai/Dokumente/BSC/WORK/FTI_REPOS/debug/src/CMakeFiles/CMakeFiles/CMakeTmp

Run Build Command:"/usr/bin/make" "cmTC_5dc69/fast"
/usr/bin/make -f CMakeFiles/cmTC_5dc69.dir/build.make CMakeFiles/cmTC_5dc69.dir/build
make[1]: Verzeichnis „/home/kellekai/Dokumente/BSC/WORK/FTI_REPOS/debug/src/CMakeFiles/CMakeFiles/CMakeTmp“ wird betreten
Building Fortran object CMakeFiles/cmTC_5dc69.dir/cmake_test_BPP_INTEGER2_WORKS.f90.o
/usr/bin/gfortran     -c /home/kellekai/Dokumente/BSC/WORK/FTI_REPOS/debug/src/CMakeFiles/cmake_test_BPP_INTEGER2_WORKS.f90 -o CMakeFiles/cmTC_5dc69.dir/cmake_test_BPP_INTEGER2_WORKS.f90.o
Linking Fortran executable cmTC_5dc69
/usr/bin/cmake -E cmake_link_script CMakeFiles/cmTC_5dc69.dir/link.txt --verbose=1
/usr/bin/gfortran       CMakeFiles/cmTC_5dc69.dir/cmake_test_BPP_INTEGER2_WORKS.f90.o  -o cmTC_5dc69  
make[1]: Verzeichnis „/home/kellekai/Dokumente/BSC/WORK/FTI_REPOS/debug/src/CMakeFiles/CMakeFiles/CMakeTmp“ wird verlassen

INTEGER(KIND=4) type successfully compiled with the following output:
Change Dir: /home/kellekai/Dokumente/BSC/WORK/FTI_REPOS/debug/src/CMakeFiles/CMakeFiles/CMakeTmp

Run Build Command:"/usr/bin/make" "cmTC_06ff2/fast"
/usr/bin/make -f CMakeFiles/cmTC_06ff2.dir/build.make CMakeFiles/cmTC_06ff2.dir/build
make[1]: Verzeichnis „/home/kellekai/Dokumente/BSC/WORK/FTI_REPOS/debug/src/CMakeFiles/CMakeFiles/CMakeTmp“ wird betreten
Building Fortran object CMakeFiles/cmTC_06ff2.dir/cmake_test_BPP_INTEGER4_WORKS.f90.o
/usr/bin/gfortran     -c /home/kellekai/Dokumente/BSC/WORK/FTI_REPOS/debug/src/CMakeFiles/cmake_test_BPP_INTEGER4_WORKS.f90 -o CMakeFiles/cmTC_06ff2.dir/cmake_test_BPP_INTEGER4_WORKS.f90.o
Linking Fortran executable cmTC_06ff2
/usr/bin/cmake -E cmake_link_script CMakeFiles/cmTC_06ff2.dir/link.txt --verbose=1
/usr/bin/gfortran       CMakeFiles/cmTC_06ff2.dir/cmake_test_BPP_INTEGER4_WORKS.f90.o  -o cmTC_06ff2  
make[1]: Verzeichnis „/home/kellekai/Dokumente/BSC/WORK/FTI_REPOS/debug/src/CMakeFiles/CMakeFiles/CMakeTmp“ wird verlassen

INTEGER(KIND=8) type successfully compiled with the following output:
Change Dir: /home/kellekai/Dokumente/BSC/WORK/FTI_REPOS/debug/src/CMakeFiles/CMakeFiles/CMakeTmp

Run Build Command:"/usr/bin/make" "cmTC_35fe6/fast"
/usr/bin/make -f CMakeFiles/cmTC_35fe6.dir/build.make CMakeFiles/cmTC_35fe6.dir/build
make[1]: Verzeichnis „/home/kellekai/Dokumente/BSC/WORK/FTI_REPOS/debug/src/CMakeFiles/CMakeFiles/CMakeTmp“ wird betreten
Building Fortran object CMakeFiles/cmTC_35fe6.dir/cmake_test_BPP_INTEGER8_WORKS.f90.o
/usr/bin/gfortran     -c /home/kellekai/Dokumente/BSC/WORK/FTI_REPOS/debug/src/CMakeFiles/cmake_test_BPP_INTEGER8_WORKS.f90 -o CMakeFiles/cmTC_35fe6.dir/cmake_test_BPP_INTEGER8_WORKS.f90.o
Linking Fortran executable cmTC_35fe6
/usr/bin/cmake -E cmake_link_script CMakeFiles/cmTC_35fe6.dir/link.txt --verbose=1
/usr/bin/gfortran       CMakeFiles/cmTC_35fe6.dir/cmake_test_BPP_INTEGER8_WORKS.f90.o  -o cmTC_35fe6  
make[1]: Verzeichnis „/home/kellekai/Dokumente/BSC/WORK/FTI_REPOS/debug/src/CMakeFiles/CMakeFiles/CMakeTmp“ wird verlassen

INTEGER(KIND=16) type successfully compiled with the following output:
Change Dir: /home/kellekai/Dokumente/BSC/WORK/FTI_REPOS/debug/src/CMakeFiles/CMakeFiles/CMakeTmp

Run Build Command:"/usr/bin/make" "cmTC_0474d/fast"
/usr/bin/make -f CMakeFiles/cmTC_0474d.dir/build.make CMakeFiles/cmTC_0474d.dir/build
make[1]: Verzeichnis „/home/kellekai/Dokumente/BSC/WORK/FTI_REPOS/debug/src/CMakeFiles/CMakeFiles/CMakeTmp“ wird betreten
Building Fortran object CMakeFiles/cmTC_0474d.dir/cmake_test_BPP_INTEGER16_WORKS.f90.o
/usr/bin/gfortran     -c /home/kellekai/Dokumente/BSC/WORK/FTI_REPOS/debug/src/CMakeFiles/cmake_test_BPP_INTEGER16_WORKS.f90 -o CMakeFiles/cmTC_0474d.dir/cmake_test_BPP_INTEGER16_WORKS.f90.o
Linking Fortran executable cmTC_0474d
/usr/bin/cmake -E cmake_link_script CMakeFiles/cmTC_0474d.dir/link.txt --verbose=1
/usr/bin/gfortran       CMakeFiles/cmTC_0474d.dir/cmake_test_BPP_INTEGER16_WORKS.f90.o  -o cmTC_0474d  
make[1]: Verzeichnis „/home/kellekai/Dokumente/BSC/WORK/FTI_REPOS/debug/src/CMakeFiles/CMakeFiles/CMakeTmp“ wird verlassen

LOGICAL(KIND=1) type successfully compiled with the following output:
Change Dir: /home/kellekai/Dokumente/BSC/WORK/FTI_REPOS/debug/src/CMakeFiles/CMakeFiles/CMakeTmp

Run Build Command:"/usr/bin/make" "cmTC_b9a2f/fast"
/usr/bin/make -f CMakeFiles/cmTC_b9a2f.dir/build.make CMakeFiles/cmTC_b9a2f.dir/build
make[1]: Verzeichnis „/home/kellekai/Dokumente/BSC/WORK/FTI_REPOS/debug/src/CMakeFiles/CMakeFiles/CMakeTmp“ wird betreten
Building Fortran object CMakeFiles/cmTC_b9a2f.dir/cmake_test_BPP_LOGICAL1_WORKS.f90.o
/usr/bin/gfortran     -c /home/kellekai/Dokumente/BSC/WORK/FTI_REPOS/debug/src/CMakeFiles/cmake_test_BPP_LOGICAL1_WORKS.f90 -o CMakeFiles/cmTC_b9a2f.dir/cmake_test_BPP_LOGICAL1_WORKS.f90.o
Linking Fortran executable cmTC_b9a2f
/usr/bin/cmake -E cmake_link_script CMakeFiles/cmTC_b9a2f.dir/link.txt --verbose=1
/usr/bin/gfortran       CMakeFiles/cmTC_b9a2f.dir/cmake_test_BPP_LOGICAL1_WORKS.f90.o  -o cmTC_b9a2f  
make[1]: Verzeichnis „/home/kellekai/Dokumente/BSC/WORK/FTI_REPOS/debug/src/CMakeFiles/CMakeFiles/CMakeTmp“ wird verlassen

LOGICAL(KIND=2) type successfully compiled with the following output:
Change Dir: /home/kellekai/Dokumente/BSC/WORK/FTI_REPOS/debug/src/CMakeFiles/CMakeFiles/CMakeTmp

Run Build Command:"/usr/bin/make" "cmTC_1de29/fast"
/usr/bin/make -f CMakeFiles/cmTC_1de29.dir/build.make CMakeFiles/cmTC_1de29.dir/build
make[1]: Verzeichnis „/home/kellekai/Dokumente/BSC/WORK/FTI_REPOS/debug/src/CMakeFiles/CMakeFiles/CMakeTmp“ wird betreten
Building Fortran object CMakeFiles/cmTC_1de29.dir/cmake_test_BPP_LOGICAL2_WORKS.f90.o
/usr/bin/gfortran     -c /home/kellekai/Dokumente/BSC/WORK/FTI_REPOS/debug/src/CMakeFiles/cmake_test_BPP_LOGICAL2_WORKS.f90 -o CMakeFiles/cmTC_1de29.dir/cmake_test_BPP_LOGICAL2_WORKS.f90.o
Linking Fortran executable cmTC_1de29
/usr/bin/cmake -E cmake_link_script CMakeFiles/cmTC_1de29.dir/link.txt --verbose=1
/usr/bin/gfortran       CMakeFiles/cmTC_1de29.dir/cmake_test_BPP_LOGICAL2_WORKS.f90.o  -o cmTC_1de29  
make[1]: Verzeichnis „/home/kellekai/Dokumente/BSC/WORK/FTI_REPOS/debug/src/CMakeFiles/CMakeFiles/CMakeTmp“ wird verlassen

LOGICAL(KIND=4) type successfully compiled with the following output:
Change Dir: /home/kellekai/Dokumente/BSC/WORK/FTI_REPOS/debug/src/CMakeFiles/CMakeFiles/CMakeTmp

Run Build Command:"/usr/bin/make" "cmTC_5413d/fast"
/usr/bin/make -f CMakeFiles/cmTC_5413d.dir/build.make CMakeFiles/cmTC_5413d.dir/build
make[1]: Verzeichnis „/home/kellekai/Dokumente/BSC/WORK/FTI_REPOS/debug/src/CMakeFiles/CMakeFiles/CMakeTmp“ wird betreten
Building Fortran object CMakeFiles/cmTC_5413d.dir/cmake_test_BPP_LOGICAL4_WORKS.f90.o
/usr/bin/gfortran     -c /home/kellekai/Dokumente/BSC/WORK/FTI_REPOS/debug/src/CMakeFiles/cmake_test_BPP_LOGICAL4_WORKS.f90 -o CMakeFiles/cmTC_5413d.dir/cmake_test_BPP_LOGICAL4_WORKS.f90.o
Linking Fortran executable cmTC_5413d
/usr/bin/cmake -E cmake_link_script CMakeFiles/cmTC_5413d.dir/link.txt --verbose=1
/usr/bin/gfortran       CMakeFiles/cmTC_5413d.dir/cmake_test_BPP_LOGICAL4_WORKS.f90.o  -o cmTC_5413d  
make[1]: Verzeichnis „/home/kellekai/Dokumente/BSC/WORK/FTI_REPOS/debug/src/CMakeFiles/CMakeFiles/CMakeTmp“ wird verlassen

LOGICAL(KIND=8) type successfully compiled with the following output:
Change Dir: /home/kellekai/Dokumente/BSC/WORK/FTI_REPOS/debug/src/CMakeFiles/CMakeFiles/CMakeTmp

Run Build Command:"/usr/bin/make" "cmTC_1ed1b/fast"
/usr/bin/make -f CMakeFiles/cmTC_1ed1b.dir/build.make CMakeFiles/cmTC_1ed1b.dir/build
make[1]: Verzeichnis „/home/kellekai/Dokumente/BSC/WORK/FTI_REPOS/debug/src/CMakeFiles/CMakeFiles/CMakeTmp“ wird betreten
Building Fortran object CMakeFiles/cmTC_1ed1b.dir/cmake_test_BPP_LOGICAL8_WORKS.f90.o
/usr/bin/gfortran     -c /home/kellekai/Dokumente/BSC/WORK/FTI_REPOS/debug/src/CMakeFiles/cmake_test_BPP_LOGICAL8_WORKS.f90 -o CMakeFiles/cmTC_1ed1b.dir/cmake_test_BPP_LOGICAL8_WORKS.f90.o
Linking Fortran executable cmTC_1ed1b
/usr/bin/cmake -E cmake_link_script CMakeFiles/cmTC_1ed1b.dir/link.txt --verbose=1
/usr/bin/gfortran       CMakeFiles/cmTC_1ed1b.dir/cmake_test_BPP_LOGICAL8_WORKS.f90.o  -o cmTC_1ed1b  
make[1]: Verzeichnis „/home/kellekai/Dokumente/BSC/WORK/FTI_REPOS/debug/src/CMakeFiles/CMakeFiles/CMakeTmp“ wird verlassen

LOGICAL(KIND=16) type successfully compiled with the following output:
Change Dir: /home/kellekai/Dokumente/BSC/WORK/FTI_REPOS/debug/src/CMakeFiles/CMakeFiles/CMakeTmp

Run Build Command:"/usr/bin/make" "cmTC_c3876/fast"
/usr/bin/make -f CMakeFiles/cmTC_c3876.dir/build.make CMakeFiles/cmTC_c3876.dir/build
make[1]: Verzeichnis „/home/kellekai/Dokumente/BSC/WORK/FTI_REPOS/debug/src/CMakeFiles/CMakeFiles/CMakeTmp“ wird betreten
Building Fortran object CMakeFiles/cmTC_c3876.dir/cmake_test_BPP_LOGICAL16_WORKS.f90.o
/usr/bin/gfortran     -c /home/kellekai/Dokumente/BSC/WORK/FTI_REPOS/debug/src/CMakeFiles/cmake_test_BPP_LOGICAL16_WORKS.f90 -o CMakeFiles/cmTC_c3876.dir/cmake_test_BPP_LOGICAL16_WORKS.f90.o
Linking Fortran executable cmTC_c3876
/usr/bin/cmake -E cmake_link_script CMakeFiles/cmTC_c3876.dir/link.txt --verbose=1
/usr/bin/gfortran       CMakeFiles/cmTC_c3876.dir/cmake_test_BPP_LOGICAL16_WORKS.f90.o  -o cmTC_c3876  
make[1]: Verzeichnis „/home/kellekai/Dokumente/BSC/WORK/FTI_REPOS/debug/src/CMakeFiles/CMakeFiles/CMakeTmp“ wird verlassen

REAL(KIND=4) type successfully compiled with the following output:
Change Dir: /home/kellekai/Dokumente/BSC/WORK/FTI_REPOS/debug/src/CMakeFiles/CMakeFiles/CMakeTmp

Run Build Command:"/usr/bin/make" "cmTC_19c8a/fast"
/usr/bin/make -f CMakeFiles/cmTC_19c8a.dir/build.make CMakeFiles/cmTC_19c8a.dir/build
make[1]: Verzeichnis „/home/kellekai/Dokumente/BSC/WORK/FTI_REPOS/debug/src/CMakeFiles/CMakeFiles/CMakeTmp“ wird betreten
Building Fortran object CMakeFiles/cmTC_19c8a.dir/cmake_test_BPP_REAL4_WORKS.f90.o
/usr/bin/gfortran     -c /home/kellekai/Dokumente/BSC/WORK/FTI_REPOS/debug/src/CMakeFiles/cmake_test_BPP_REAL4_WORKS.f90 -o CMakeFiles/cmTC_19c8a.dir/cmake_test_BPP_REAL4_WORKS.f90.o
Linking Fortran executable cmTC_19c8a
/usr/bin/cmake -E cmake_link_script CMakeFiles/cmTC_19c8a.dir/link.txt --verbose=1
/usr/bin/gfortran       CMakeFiles/cmTC_19c8a.dir/cmake_test_BPP_REAL4_WORKS.f90.o  -o cmTC_19c8a  
make[1]: Verzeichnis „/home/kellekai/Dokumente/BSC/WORK/FTI_REPOS/debug/src/CMakeFiles/CMakeFiles/CMakeTmp“ wird verlassen

REAL(KIND=8) type successfully compiled with the following output:
Change Dir: /home/kellekai/Dokumente/BSC/WORK/FTI_REPOS/debug/src/CMakeFiles/CMakeFiles/CMakeTmp

Run Build Command:"/usr/bin/make" "cmTC_c0971/fast"
/usr/bin/make -f CMakeFiles/cmTC_c0971.dir/build.make CMakeFiles/cmTC_c0971.dir/build
make[1]: Verzeichnis „/home/kellekai/Dokumente/BSC/WORK/FTI_REPOS/debug/src/CMakeFiles/CMakeFiles/CMakeTmp“ wird betreten
Building Fortran object CMakeFiles/cmTC_c0971.dir/cmake_test_BPP_REAL8_WORKS.f90.o
/usr/bin/gfortran     -c /home/kellekai/Dokumente/BSC/WORK/FTI_REPOS/debug/src/CMakeFiles/cmake_test_BPP_REAL8_WORKS.f90 -o CMakeFiles/cmTC_c0971.dir/cmake_test_BPP_REAL8_WORKS.f90.o
Linking Fortran executable cmTC_c0971
/usr/bin/cmake -E cmake_link_script CMakeFiles/cmTC_c0971.dir/link.txt --verbose=1
/usr/bin/gfortran       CMakeFiles/cmTC_c0971.dir/cmake_test_BPP_REAL8_WORKS.f90.o  -o cmTC_c0971  
make[1]: Verzeichnis „/home/kellekai/Dokumente/BSC/WORK/FTI_REPOS/debug/src/CMakeFiles/CMakeFiles/CMakeTmp“ wird verlassen

REAL(KIND=16) type successfully compiled with the following output:
Change Dir: /home/kellekai/Dokumente/BSC/WORK/FTI_REPOS/debug/src/CMakeFiles/CMakeFiles/CMakeTmp

Run Build Command:"/usr/bin/make" "cmTC_ece28/fast"
/usr/bin/make -f CMakeFiles/cmTC_ece28.dir/build.make CMakeFiles/cmTC_ece28.dir/build
make[1]: Verzeichnis „/home/kellekai/Dokumente/BSC/WORK/FTI_REPOS/debug/src/CMakeFiles/CMakeFiles/CMakeTmp“ wird betreten
Building Fortran object CMakeFiles/cmTC_ece28.dir/cmake_test_BPP_REAL16_WORKS.f90.o
/usr/bin/gfortran     -c /home/kellekai/Dokumente/BSC/WORK/FTI_REPOS/debug/src/CMakeFiles/cmake_test_BPP_REAL16_WORKS.f90 -o CMakeFiles/cmTC_ece28.dir/cmake_test_BPP_REAL16_WORKS.f90.o
Linking Fortran executable cmTC_ece28
/usr/bin/cmake -E cmake_link_script CMakeFiles/cmTC_ece28.dir/link.txt --verbose=1
/usr/bin/gfortran       CMakeFiles/cmTC_ece28.dir/cmake_test_BPP_REAL16_WORKS.f90.o  -o cmTC_ece28  
make[1]: Verzeichnis „/home/kellekai/Dokumente/BSC/WORK/FTI_REPOS/debug/src/CMakeFiles/CMakeFiles/CMakeTmp“ wird verlassen

